The target system is: Linux -  - 
The host system is: Linux - 4.4.0-121-generic - x86_64
Compiling the C compiler identification source file "CMakeCCompilerId.c" succeeded.
Compiler: /opt/arm-2010.09/bin/arm-none-linux-gnueabi-gcc 
Build flags: 
Id flags: 

The output was:
0


Compilation of the C compiler identification source "CMakeCCompilerId.c" produced "a.out"

The C compiler identification is GNU, found in "/home/gunix/workspace/src/webserver/uhttpd/CMakeFiles/2.8.12.2/CompilerIdC/a.out"

Determining if the C compiler works passed with the following output:
Change Dir: /home/gunix/workspace/src/webserver/uhttpd/CMakeFiles/CMakeTmp

Run Build Command:/usr/bin/make "cmTryCompileExec273451983/fast"
/usr/bin/make -f CMakeFiles/cmTryCompileExec273451983.dir/build.make CMakeFiles/cmTryCompileExec273451983.dir/build
make[1]: Entering directory `/home/gunix/workspace/src/webserver/uhttpd/CMakeFiles/CMakeTmp'
/usr/bin/cmake -E cmake_progress_report /home/gunix/workspace/src/webserver/uhttpd/CMakeFiles/CMakeTmp/CMakeFiles 1
Building C object CMakeFiles/cmTryCompileExec273451983.dir/testCCompiler.c.o
/opt/arm-2010.09/bin/arm-none-linux-gnueabi-gcc    -o CMakeFiles/cmTryCompileExec273451983.dir/testCCompiler.c.o   -c /home/gunix/workspace/src/webserver/uhttpd/CMakeFiles/CMakeTmp/testCCompiler.c
Linking C executable cmTryCompileExec273451983
/usr/bin/cmake -E cmake_link_script CMakeFiles/cmTryCompileExec273451983.dir/link.txt --verbose=1
/opt/arm-2010.09/bin/arm-none-linux-gnueabi-gcc       CMakeFiles/cmTryCompileExec273451983.dir/testCCompiler.c.o  -o cmTryCompileExec273451983 -rdynamic 
make[1]: Leaving directory `/home/gunix/workspace/src/webserver/uhttpd/CMakeFiles/CMakeTmp'


Detecting C compiler ABI info compiled with the following output:
Change Dir: /home/gunix/workspace/src/webserver/uhttpd/CMakeFiles/CMakeTmp

Run Build Command:/usr/bin/make "cmTryCompileExec1555616095/fast"
/usr/bin/make -f CMakeFiles/cmTryCompileExec1555616095.dir/build.make CMakeFiles/cmTryCompileExec1555616095.dir/build
make[1]: Entering directory `/home/gunix/workspace/src/webserver/uhttpd/CMakeFiles/CMakeTmp'
/usr/bin/cmake -E cmake_progress_report /home/gunix/workspace/src/webserver/uhttpd/CMakeFiles/CMakeTmp/CMakeFiles 1
Building C object CMakeFiles/cmTryCompileExec1555616095.dir/CMakeCCompilerABI.c.o
/opt/arm-2010.09/bin/arm-none-linux-gnueabi-gcc    -o CMakeFiles/cmTryCompileExec1555616095.dir/CMakeCCompilerABI.c.o   -c /usr/share/cmake-2.8/Modules/CMakeCCompilerABI.c
Linking C executable cmTryCompileExec1555616095
/usr/bin/cmake -E cmake_link_script CMakeFiles/cmTryCompileExec1555616095.dir/link.txt --verbose=1
/opt/arm-2010.09/bin/arm-none-linux-gnueabi-gcc     -v CMakeFiles/cmTryCompileExec1555616095.dir/CMakeCCompilerABI.c.o  -o cmTryCompileExec1555616095 -rdynamic  
Using built-in specs.
COLLECT_GCC=/opt/arm-2010.09/bin/arm-none-linux-gnueabi-gcc
COLLECT_LTO_WRAPPER=/opt/arm-2010.09/bin/../libexec/gcc/arm-none-linux-gnueabi/4.5.1/lto-wrapper
Target: arm-none-linux-gnueabi
Configured with: /scratch/nathan/arm-lite/src/gcc-4.5-2010.09/configure --build=i686-pc-linux-gnu --host=i686-pc-linux-gnu --target=arm-none-linux-gnueabi --enable-threads --disable-libmudflap --disable-libssp --disable-libstdcxx-pch --enable-extra-sgxxlite-multilibs --with-arch=armv5te --with-gnu-as --with-gnu-ld --with-specs='%{save-temps: -fverbose-asm} %{funwind-tables|fno-unwind-tables|mabi=*|ffreestanding|nostdlib:;:-funwind-tables} -D__CS_SOURCERYGXX_MAJ__=2010 -D__CS_SOURCERYGXX_MIN__=9 -D__CS_SOURCERYGXX_REV__=50 %{O2:%{!fno-remove-local-statics: -fremove-local-statics}} %{O*:%{O|O0|O1|O2|Os:;:%{!fno-remove-local-statics: -fremove-local-statics}}}' --enable-languages=c,c++ --enable-shared --enable-lto --enable-symvers=gnu --enable-__cxa_atexit --with-pkgversion='Sourcery G++ Lite 2010.09-50' --with-bugurl=https://support.codesourcery.com/GNUToolchain/ --disable-nls --prefix=/opt/codesourcery --with-sysroot=/opt/codesourcery/arm-none-linux-gnueabi/libc --with-build-sysroot=/scratch/nathan/arm-lite/install/arm-none-linux-gnueabi/libc --with-gmp=/scratch/nathan/arm-lite/obj/host-libs-2010.09-50-arm-none-linux-gnueabi-i686-pc-linux-gnu/usr --with-mpfr=/scratch/nathan/arm-lite/obj/host-libs-2010.09-50-arm-none-linux-gnueabi-i686-pc-linux-gnu/usr --with-mpc=/scratch/nathan/arm-lite/obj/host-libs-2010.09-50-arm-none-linux-gnueabi-i686-pc-linux-gnu/usr --with-ppl=/scratch/nathan/arm-lite/obj/host-libs-2010.09-50-arm-none-linux-gnueabi-i686-pc-linux-gnu/usr --with-host-libstdcxx='-static-libgcc -Wl,-Bstatic,-lstdc++,-Bdynamic -lm' --with-cloog=/scratch/nathan/arm-lite/obj/host-libs-2010.09-50-arm-none-linux-gnueabi-i686-pc-linux-gnu/usr --with-libelf=/scratch/nathan/arm-lite/obj/host-libs-2010.09-50-arm-none-linux-gnueabi-i686-pc-linux-gnu/usr --disable-libgomp --enable-poison-system-directories --with-build-time-tools=/scratch/nathan/arm-lite/install/arm-none-linux-gnueabi/bin --with-build-time-tools=/scratch/nathan/arm-lite/install/arm-none-linux-gnueabi/bin
Thread model: posix
gcc version 4.5.1 (Sourcery G++ Lite 2010.09-50) 
COMPILER_PATH=/opt/arm-2010.09/bin/../libexec/gcc/arm-none-linux-gnueabi/4.5.1/:/opt/arm-2010.09/bin/../libexec/gcc/:/opt/arm-2010.09/bin/../lib/gcc/arm-none-linux-gnueabi/4.5.1/../../../../arm-none-linux-gnueabi/bin/
LIBRARY_PATH=/opt/arm-2010.09/bin/../lib/gcc/arm-none-linux-gnueabi/4.5.1/:/opt/arm-2010.09/bin/../lib/gcc/:/opt/arm-2010.09/bin/../lib/gcc/arm-none-linux-gnueabi/4.5.1/../../../../arm-none-linux-gnueabi/lib/:/opt/arm-2010.09/bin/../arm-none-linux-gnueabi/libc/lib/:/opt/arm-2010.09/bin/../arm-none-linux-gnueabi/libc/usr/lib/
COLLECT_GCC_OPTIONS='-v' '-o' 'cmTryCompileExec1555616095' '-rdynamic' '-march=armv5te' '-funwind-tables' '-D__CS_SOURCERYGXX_MAJ__=2010' '-D__CS_SOURCERYGXX_MIN__=9' '-D__CS_SOURCERYGXX_REV__=50'
 /opt/arm-2010.09/bin/../libexec/gcc/arm-none-linux-gnueabi/4.5.1/collect2 --sysroot=/opt/arm-2010.09/bin/../arm-none-linux-gnueabi/libc --eh-frame-hdr -export-dynamic -dynamic-linker /lib/ld-linux.so.3 -X -m armelf_linux_eabi -o cmTryCompileExec1555616095 /opt/arm-2010.09/bin/../arm-none-linux-gnueabi/libc/usr/lib/crt1.o /opt/arm-2010.09/bin/../arm-none-linux-gnueabi/libc/usr/lib/crti.o /opt/arm-2010.09/bin/../lib/gcc/arm-none-linux-gnueabi/4.5.1/crtbegin.o -L/opt/arm-2010.09/bin/../lib/gcc/arm-none-linux-gnueabi/4.5.1 -L/opt/arm-2010.09/bin/../lib/gcc -L/opt/arm-2010.09/bin/../lib/gcc/arm-none-linux-gnueabi/4.5.1/../../../../arm-none-linux-gnueabi/lib -L/opt/arm-2010.09/bin/../arm-none-linux-gnueabi/libc/lib -L/opt/arm-2010.09/bin/../arm-none-linux-gnueabi/libc/usr/lib CMakeFiles/cmTryCompileExec1555616095.dir/CMakeCCompilerABI.c.o -lgcc --as-needed -lgcc_s --no-as-needed -lc -lgcc --as-needed -lgcc_s --no-as-needed /opt/arm-2010.09/bin/../lib/gcc/arm-none-linux-gnueabi/4.5.1/crtend.o /opt/arm-2010.09/bin/../arm-none-linux-gnueabi/libc/usr/lib/crtn.o
make[1]: Leaving directory `/home/gunix/workspace/src/webserver/uhttpd/CMakeFiles/CMakeTmp'


Parsed C implicit link information from above output:
  link line regex: [^( *|.*[/\])(arm-none-linux-gnueabi-ld|([^/\]+-)?ld|collect2)[^/\]*( |$)]
  ignore line: [Change Dir: /home/gunix/workspace/src/webserver/uhttpd/CMakeFiles/CMakeTmp]
  ignore line: []
  ignore line: [Run Build Command:/usr/bin/make "cmTryCompileExec1555616095/fast"]
  ignore line: [/usr/bin/make -f CMakeFiles/cmTryCompileExec1555616095.dir/build.make CMakeFiles/cmTryCompileExec1555616095.dir/build]
  ignore line: [make[1]: Entering directory `/home/gunix/workspace/src/webserver/uhttpd/CMakeFiles/CMakeTmp']
  ignore line: [/usr/bin/cmake -E cmake_progress_report /home/gunix/workspace/src/webserver/uhttpd/CMakeFiles/CMakeTmp/CMakeFiles 1]
  ignore line: [Building C object CMakeFiles/cmTryCompileExec1555616095.dir/CMakeCCompilerABI.c.o]
  ignore line: [/opt/arm-2010.09/bin/arm-none-linux-gnueabi-gcc    -o CMakeFiles/cmTryCompileExec1555616095.dir/CMakeCCompilerABI.c.o   -c /usr/share/cmake-2.8/Modules/CMakeCCompilerABI.c]
  ignore line: [Linking C executable cmTryCompileExec1555616095]
  ignore line: [/usr/bin/cmake -E cmake_link_script CMakeFiles/cmTryCompileExec1555616095.dir/link.txt --verbose=1]
  ignore line: [/opt/arm-2010.09/bin/arm-none-linux-gnueabi-gcc     -v CMakeFiles/cmTryCompileExec1555616095.dir/CMakeCCompilerABI.c.o  -o cmTryCompileExec1555616095 -rdynamic  ]
  ignore line: [Using built-in specs.]
  ignore line: [COLLECT_GCC=/opt/arm-2010.09/bin/arm-none-linux-gnueabi-gcc]
  ignore line: [COLLECT_LTO_WRAPPER=/opt/arm-2010.09/bin/../libexec/gcc/arm-none-linux-gnueabi/4.5.1/lto-wrapper]
  ignore line: [Target: arm-none-linux-gnueabi]
  ignore line: [Configured with: /scratch/nathan/arm-lite/src/gcc-4.5-2010.09/configure --build=i686-pc-linux-gnu --host=i686-pc-linux-gnu --target=arm-none-linux-gnueabi --enable-threads --disable-libmudflap --disable-libssp --disable-libstdcxx-pch --enable-extra-sgxxlite-multilibs --with-arch=armv5te --with-gnu-as --with-gnu-ld --with-specs='%{save-temps: -fverbose-asm} %{funwind-tables|fno-unwind-tables|mabi=*|ffreestanding|nostdlib:]
  ignore line: [:-funwind-tables} -D__CS_SOURCERYGXX_MAJ__=2010 -D__CS_SOURCERYGXX_MIN__=9 -D__CS_SOURCERYGXX_REV__=50 %{O2:%{!fno-remove-local-statics: -fremove-local-statics}} %{O*:%{O|O0|O1|O2|Os:]
  ignore line: [:%{!fno-remove-local-statics: -fremove-local-statics}}}' --enable-languages=c,c++ --enable-shared --enable-lto --enable-symvers=gnu --enable-__cxa_atexit --with-pkgversion='Sourcery G++ Lite 2010.09-50' --with-bugurl=https://support.codesourcery.com/GNUToolchain/ --disable-nls --prefix=/opt/codesourcery --with-sysroot=/opt/codesourcery/arm-none-linux-gnueabi/libc --with-build-sysroot=/scratch/nathan/arm-lite/install/arm-none-linux-gnueabi/libc --with-gmp=/scratch/nathan/arm-lite/obj/host-libs-2010.09-50-arm-none-linux-gnueabi-i686-pc-linux-gnu/usr --with-mpfr=/scratch/nathan/arm-lite/obj/host-libs-2010.09-50-arm-none-linux-gnueabi-i686-pc-linux-gnu/usr --with-mpc=/scratch/nathan/arm-lite/obj/host-libs-2010.09-50-arm-none-linux-gnueabi-i686-pc-linux-gnu/usr --with-ppl=/scratch/nathan/arm-lite/obj/host-libs-2010.09-50-arm-none-linux-gnueabi-i686-pc-linux-gnu/usr --with-host-libstdcxx='-static-libgcc -Wl,-Bstatic,-lstdc++,-Bdynamic -lm' --with-cloog=/scratch/nathan/arm-lite/obj/host-libs-2010.09-50-arm-none-linux-gnueabi-i686-pc-linux-gnu/usr --with-libelf=/scratch/nathan/arm-lite/obj/host-libs-2010.09-50-arm-none-linux-gnueabi-i686-pc-linux-gnu/usr --disable-libgomp --enable-poison-system-directories --with-build-time-tools=/scratch/nathan/arm-lite/install/arm-none-linux-gnueabi/bin --with-build-time-tools=/scratch/nathan/arm-lite/install/arm-none-linux-gnueabi/bin]
  ignore line: [Thread model: posix]
  ignore line: [gcc version 4.5.1 (Sourcery G++ Lite 2010.09-50) ]
  ignore line: [COMPILER_PATH=/opt/arm-2010.09/bin/../libexec/gcc/arm-none-linux-gnueabi/4.5.1/:/opt/arm-2010.09/bin/../libexec/gcc/:/opt/arm-2010.09/bin/../lib/gcc/arm-none-linux-gnueabi/4.5.1/../../../../arm-none-linux-gnueabi/bin/]
  ignore line: [LIBRARY_PATH=/opt/arm-2010.09/bin/../lib/gcc/arm-none-linux-gnueabi/4.5.1/:/opt/arm-2010.09/bin/../lib/gcc/:/opt/arm-2010.09/bin/../lib/gcc/arm-none-linux-gnueabi/4.5.1/../../../../arm-none-linux-gnueabi/lib/:/opt/arm-2010.09/bin/../arm-none-linux-gnueabi/libc/lib/:/opt/arm-2010.09/bin/../arm-none-linux-gnueabi/libc/usr/lib/]
  ignore line: [COLLECT_GCC_OPTIONS='-v' '-o' 'cmTryCompileExec1555616095' '-rdynamic' '-march=armv5te' '-funwind-tables' '-D__CS_SOURCERYGXX_MAJ__=2010' '-D__CS_SOURCERYGXX_MIN__=9' '-D__CS_SOURCERYGXX_REV__=50']
  link line: [ /opt/arm-2010.09/bin/../libexec/gcc/arm-none-linux-gnueabi/4.5.1/collect2 --sysroot=/opt/arm-2010.09/bin/../arm-none-linux-gnueabi/libc --eh-frame-hdr -export-dynamic -dynamic-linker /lib/ld-linux.so.3 -X -m armelf_linux_eabi -o cmTryCompileExec1555616095 /opt/arm-2010.09/bin/../arm-none-linux-gnueabi/libc/usr/lib/crt1.o /opt/arm-2010.09/bin/../arm-none-linux-gnueabi/libc/usr/lib/crti.o /opt/arm-2010.09/bin/../lib/gcc/arm-none-linux-gnueabi/4.5.1/crtbegin.o -L/opt/arm-2010.09/bin/../lib/gcc/arm-none-linux-gnueabi/4.5.1 -L/opt/arm-2010.09/bin/../lib/gcc -L/opt/arm-2010.09/bin/../lib/gcc/arm-none-linux-gnueabi/4.5.1/../../../../arm-none-linux-gnueabi/lib -L/opt/arm-2010.09/bin/../arm-none-linux-gnueabi/libc/lib -L/opt/arm-2010.09/bin/../arm-none-linux-gnueabi/libc/usr/lib CMakeFiles/cmTryCompileExec1555616095.dir/CMakeCCompilerABI.c.o -lgcc --as-needed -lgcc_s --no-as-needed -lc -lgcc --as-needed -lgcc_s --no-as-needed /opt/arm-2010.09/bin/../lib/gcc/arm-none-linux-gnueabi/4.5.1/crtend.o /opt/arm-2010.09/bin/../arm-none-linux-gnueabi/libc/usr/lib/crtn.o]
    arg [/opt/arm-2010.09/bin/../libexec/gcc/arm-none-linux-gnueabi/4.5.1/collect2] ==> ignore
    arg [--sysroot=/opt/arm-2010.09/bin/../arm-none-linux-gnueabi/libc] ==> ignore
    arg [--eh-frame-hdr] ==> ignore
    arg [-export-dynamic] ==> ignore
    arg [-dynamic-linker] ==> ignore
    arg [/lib/ld-linux.so.3] ==> ignore
    arg [-X] ==> ignore
    arg [-m] ==> ignore
    arg [armelf_linux_eabi] ==> ignore
    arg [-o] ==> ignore
    arg [cmTryCompileExec1555616095] ==> ignore
    arg [/opt/arm-2010.09/bin/../arm-none-linux-gnueabi/libc/usr/lib/crt1.o] ==> ignore
    arg [/opt/arm-2010.09/bin/../arm-none-linux-gnueabi/libc/usr/lib/crti.o] ==> ignore
    arg [/opt/arm-2010.09/bin/../lib/gcc/arm-none-linux-gnueabi/4.5.1/crtbegin.o] ==> ignore
    arg [-L/opt/arm-2010.09/bin/../lib/gcc/arm-none-linux-gnueabi/4.5.1] ==> dir [/opt/arm-2010.09/bin/../lib/gcc/arm-none-linux-gnueabi/4.5.1]
    arg [-L/opt/arm-2010.09/bin/../lib/gcc] ==> dir [/opt/arm-2010.09/bin/../lib/gcc]
    arg [-L/opt/arm-2010.09/bin/../lib/gcc/arm-none-linux-gnueabi/4.5.1/../../../../arm-none-linux-gnueabi/lib] ==> dir [/opt/arm-2010.09/bin/../lib/gcc/arm-none-linux-gnueabi/4.5.1/../../../../arm-none-linux-gnueabi/lib]
    arg [-L/opt/arm-2010.09/bin/../arm-none-linux-gnueabi/libc/lib] ==> dir [/opt/arm-2010.09/bin/../arm-none-linux-gnueabi/libc/lib]
    arg [-L/opt/arm-2010.09/bin/../arm-none-linux-gnueabi/libc/usr/lib] ==> dir [/opt/arm-2010.09/bin/../arm-none-linux-gnueabi/libc/usr/lib]
    arg [CMakeFiles/cmTryCompileExec1555616095.dir/CMakeCCompilerABI.c.o] ==> ignore
    arg [-lgcc] ==> lib [gcc]
    arg [--as-needed] ==> ignore
    arg [-lgcc_s] ==> lib [gcc_s]
    arg [--no-as-needed] ==> ignore
    arg [-lc] ==> lib [c]
    arg [-lgcc] ==> lib [gcc]
    arg [--as-needed] ==> ignore
    arg [-lgcc_s] ==> lib [gcc_s]
    arg [--no-as-needed] ==> ignore
    arg [/opt/arm-2010.09/bin/../lib/gcc/arm-none-linux-gnueabi/4.5.1/crtend.o] ==> ignore
    arg [/opt/arm-2010.09/bin/../arm-none-linux-gnueabi/libc/usr/lib/crtn.o] ==> ignore
  remove lib [gcc]
  remove lib [gcc_s]
  remove lib [gcc]
  remove lib [gcc_s]
  collapse library dir [/opt/arm-2010.09/bin/../lib/gcc/arm-none-linux-gnueabi/4.5.1] ==> [/opt/arm-2010.09/lib/gcc/arm-none-linux-gnueabi/4.5.1]
  collapse library dir [/opt/arm-2010.09/bin/../lib/gcc] ==> [/opt/arm-2010.09/lib/gcc]
  collapse library dir [/opt/arm-2010.09/bin/../lib/gcc/arm-none-linux-gnueabi/4.5.1/../../../../arm-none-linux-gnueabi/lib] ==> [/opt/arm-2010.09/arm-none-linux-gnueabi/lib]
  collapse library dir [/opt/arm-2010.09/bin/../arm-none-linux-gnueabi/libc/lib] ==> [/opt/arm-2010.09/arm-none-linux-gnueabi/libc/lib]
  collapse library dir [/opt/arm-2010.09/bin/../arm-none-linux-gnueabi/libc/usr/lib] ==> [/opt/arm-2010.09/arm-none-linux-gnueabi/libc/usr/lib]
  implicit libs: [c]
  implicit dirs: [/opt/arm-2010.09/lib/gcc/arm-none-linux-gnueabi/4.5.1;/opt/arm-2010.09/lib/gcc;/opt/arm-2010.09/arm-none-linux-gnueabi/lib;/opt/arm-2010.09/arm-none-linux-gnueabi/libc/lib;/opt/arm-2010.09/arm-none-linux-gnueabi/libc/usr/lib]
  implicit fwks: []


Determining if the function getspnam exists passed with the following output:
Change Dir: /home/gunix/workspace/src/webserver/uhttpd/CMakeFiles/CMakeTmp

Run Build Command:/usr/bin/make "cmTryCompileExec876208922/fast"
/usr/bin/make -f CMakeFiles/cmTryCompileExec876208922.dir/build.make CMakeFiles/cmTryCompileExec876208922.dir/build
make[1]: Entering directory `/home/gunix/workspace/src/webserver/uhttpd/CMakeFiles/CMakeTmp'
/usr/bin/cmake -E cmake_progress_report /home/gunix/workspace/src/webserver/uhttpd/CMakeFiles/CMakeTmp/CMakeFiles 1
Building C object CMakeFiles/cmTryCompileExec876208922.dir/CheckFunctionExists.c.o
/opt/arm-2010.09/bin/arm-none-linux-gnueabi-gcc   -DCHECK_FUNCTION_EXISTS=getspnam   -o CMakeFiles/cmTryCompileExec876208922.dir/CheckFunctionExists.c.o   -c /usr/share/cmake-2.8/Modules/CheckFunctionExists.c
Linking C executable cmTryCompileExec876208922
/usr/bin/cmake -E cmake_link_script CMakeFiles/cmTryCompileExec876208922.dir/link.txt --verbose=1
/opt/arm-2010.09/bin/arm-none-linux-gnueabi-gcc   -DCHECK_FUNCTION_EXISTS=getspnam    CMakeFiles/cmTryCompileExec876208922.dir/CheckFunctionExists.c.o  -o cmTryCompileExec876208922 -rdynamic 
make[1]: Leaving directory `/home/gunix/workspace/src/webserver/uhttpd/CMakeFiles/CMakeTmp'


