This file contains any messages produced by compilers while
running configure, to aid debugging if configure makes a mistake.

It was created by json-c configure 0.13.99, which was
generated by GNU Autoconf 2.69.  Invocation command line was

  $ ./configure CC=arm-none-linux-gnueabi-gcc --prefix=/home/gunix/workspace/src/webserver/json-c/json_out --host=arm-none-linux-gnueabi --build=i686-linux-gnu

## --------- ##
## Platform. ##
## --------- ##

hostname = ubuntu
uname -m = x86_64
uname -r = 4.4.0-121-generic
uname -s = Linux
uname -v = #145~14.04.1-Ubuntu SMP Mon Apr 16 18:40:43 UTC 2018

/usr/bin/uname -p = unknown
/bin/uname -X     = unknown

/bin/arch              = unknown
/usr/bin/arch -k       = unknown
/usr/convex/getsysinfo = unknown
/usr/bin/hostinfo      = unknown
/bin/machine           = unknown
/usr/bin/oslevel       = unknown
/bin/universe          = unknown

PATH: /usr/local/sbin
PATH: /usr/local/bin
PATH: /usr/sbin
PATH: /usr/bin
PATH: /sbin
PATH: /bin
PATH: /usr/games
PATH: /usr/local/games
PATH: /opt/arm-2010.09/bin
PATH: /opt/toolchain-i386_gcc-4.8_glibc-2.19/usr/bin


## ----------- ##
## Core tests. ##
## ----------- ##

configure:2358: checking for a BSD-compatible install
configure:2426: result: /usr/bin/install -c
configure:2437: checking whether build environment is sane
configure:2492: result: yes
configure:2551: checking for arm-none-linux-gnueabi-strip
configure:2567: found /opt/arm-2010.09/bin/arm-none-linux-gnueabi-strip
configure:2578: result: arm-none-linux-gnueabi-strip
configure:2643: checking for a thread-safe mkdir -p
configure:2682: result: /bin/mkdir -p
configure:2689: checking for gawk
configure:2705: found /usr/bin/gawk
configure:2716: result: gawk
configure:2727: checking whether make sets $(MAKE)
configure:2749: result: yes
configure:2778: checking whether make supports nested variables
configure:2795: result: yes
configure:2923: checking whether make sets $(MAKE)
configure:2945: result: yes
configure:2959: checking build system type
configure:2973: result: i686-pc-linux-gnu
configure:2993: checking host system type
configure:3006: result: arm-none-linux-gnueabi
configure:3042: result: Multi-threaded support disabled. Use --enable-threading to enable.
configure:3061: result: RDRAND Hardware RNG Hash Seed disabled. Use --enable-rdrand to enable
configure:3077: checking whether make supports nested variables
configure:3094: result: yes
configure:3123: checking for style of include used by make
configure:3151: result: GNU
configure:3182: checking for arm-none-linux-gnueabi-gcc
configure:3209: result: arm-none-linux-gnueabi-gcc
configure:3478: checking for C compiler version
configure:3487: arm-none-linux-gnueabi-gcc --version >&5
arm-none-linux-gnueabi-gcc (Sourcery G++ Lite 2010.09-50) 4.5.1
Copyright (C) 2010 Free Software Foundation, Inc.
This is free software; see the source for copying conditions.  There is NO
warranty; not even for MERCHANTABILITY or FITNESS FOR A PARTICULAR PURPOSE.

configure:3498: $? = 0
configure:3487: arm-none-linux-gnueabi-gcc -v >&5
Using built-in specs.
COLLECT_GCC=arm-none-linux-gnueabi-gcc
COLLECT_LTO_WRAPPER=/opt/arm-2010.09/bin/../libexec/gcc/arm-none-linux-gnueabi/4.5.1/lto-wrapper
Target: arm-none-linux-gnueabi
Configured with: /scratch/nathan/arm-lite/src/gcc-4.5-2010.09/configure --build=i686-pc-linux-gnu --host=i686-pc-linux-gnu --target=arm-none-linux-gnueabi --enable-threads --disable-libmudflap --disable-libssp --disable-libstdcxx-pch --enable-extra-sgxxlite-multilibs --with-arch=armv5te --with-gnu-as --with-gnu-ld --with-specs='%{save-temps: -fverbose-asm} %{funwind-tables|fno-unwind-tables|mabi=*|ffreestanding|nostdlib:;:-funwind-tables} -D__CS_SOURCERYGXX_MAJ__=2010 -D__CS_SOURCERYGXX_MIN__=9 -D__CS_SOURCERYGXX_REV__=50 %{O2:%{!fno-remove-local-statics: -fremove-local-statics}} %{O*:%{O|O0|O1|O2|Os:;:%{!fno-remove-local-statics: -fremove-local-statics}}}' --enable-languages=c,c++ --enable-shared --enable-lto --enable-symvers=gnu --enable-__cxa_atexit --with-pkgversion='Sourcery G++ Lite 2010.09-50' --with-bugurl=https://support.codesourcery.com/GNUToolchain/ --disable-nls --prefix=/opt/codesourcery --with-sysroot=/opt/codesourcery/arm-none-linux-gnueabi/libc --with-build-sysroot=/scratch/nathan/arm-lite/install/arm-none-linux-gnueabi/libc --with-gmp=/scratch/nathan/arm-lite/obj/host-libs-2010.09-50-arm-none-linux-gnueabi-i686-pc-linux-gnu/usr --with-mpfr=/scratch/nathan/arm-lite/obj/host-libs-2010.09-50-arm-none-linux-gnueabi-i686-pc-linux-gnu/usr --with-mpc=/scratch/nathan/arm-lite/obj/host-libs-2010.09-50-arm-none-linux-gnueabi-i686-pc-linux-gnu/usr --with-ppl=/scratch/nathan/arm-lite/obj/host-libs-2010.09-50-arm-none-linux-gnueabi-i686-pc-linux-gnu/usr --with-host-libstdcxx='-static-libgcc -Wl,-Bstatic,-lstdc++,-Bdynamic -lm' --with-cloog=/scratch/nathan/arm-lite/obj/host-libs-2010.09-50-arm-none-linux-gnueabi-i686-pc-linux-gnu/usr --with-libelf=/scratch/nathan/arm-lite/obj/host-libs-2010.09-50-arm-none-linux-gnueabi-i686-pc-linux-gnu/usr --disable-libgomp --enable-poison-system-directories --with-build-time-tools=/scratch/nathan/arm-lite/install/arm-none-linux-gnueabi/bin --with-build-time-tools=/scratch/nathan/arm-lite/install/arm-none-linux-gnueabi/bin
Thread model: posix
gcc version 4.5.1 (Sourcery G++ Lite 2010.09-50) 
configure:3498: $? = 0
configure:3487: arm-none-linux-gnueabi-gcc -V >&5
arm-none-linux-gnueabi-gcc: '-V' option must have argument
configure:3498: $? = 1
configure:3487: arm-none-linux-gnueabi-gcc -qversion >&5
arm-none-linux-gnueabi-gcc: unrecognized option '-qversion'
arm-none-linux-gnueabi-gcc: no input files
configure:3498: $? = 1
configure:3518: checking whether the C compiler works
configure:3540: arm-none-linux-gnueabi-gcc    conftest.c  >&5
configure:3544: $? = 0
configure:3592: result: yes
configure:3595: checking for C compiler default output file name
configure:3597: result: a.out
configure:3603: checking for suffix of executables
configure:3610: arm-none-linux-gnueabi-gcc -o conftest    conftest.c  >&5
configure:3614: $? = 0
configure:3636: result: 
configure:3658: checking whether we are cross compiling
configure:3696: result: yes
configure:3701: checking for suffix of object files
configure:3723: arm-none-linux-gnueabi-gcc -c   conftest.c >&5
configure:3727: $? = 0
configure:3748: result: o
configure:3752: checking whether we are using the GNU C compiler
configure:3771: arm-none-linux-gnueabi-gcc -c   conftest.c >&5
configure:3771: $? = 0
configure:3780: result: yes
configure:3789: checking whether arm-none-linux-gnueabi-gcc accepts -g
configure:3809: arm-none-linux-gnueabi-gcc -c -g  conftest.c >&5
configure:3809: $? = 0
configure:3850: result: yes
configure:3867: checking for arm-none-linux-gnueabi-gcc option to accept ISO C89
configure:3930: arm-none-linux-gnueabi-gcc  -c -g -O2  conftest.c >&5
configure:3930: $? = 0
configure:3943: result: none needed
configure:3968: checking whether arm-none-linux-gnueabi-gcc understands -c and -o together
configure:3990: arm-none-linux-gnueabi-gcc -c conftest.c -o conftest2.o
configure:3993: $? = 0
configure:3990: arm-none-linux-gnueabi-gcc -c conftest.c -o conftest2.o
configure:3993: $? = 0
configure:4005: result: yes
configure:4024: checking dependency style of arm-none-linux-gnueabi-gcc
configure:4135: result: gcc3
configure:4151: checking for arm-none-linux-gnueabi-gcc option to accept ISO C99
configure:4300: arm-none-linux-gnueabi-gcc  -c -g -O2  conftest.c >&5
conftest.c:61:29: error: expected ';', ',' or ')' before 'text'
conftest.c: In function 'main':
conftest.c:115:18: error: expected '=', ',', ';', 'asm' or '__attribute__' before 'newvar'
conftest.c:115:18: error: 'newvar' undeclared (first use in this function)
conftest.c:115:18: note: each undeclared identifier is reported only once for each function it appears in
conftest.c:125:3: error: 'for' loop initial declarations are only allowed in C99 mode
conftest.c:125:3: note: use option -std=c99 or -std=gnu99 to compile your code
configure:4300: $? = 1
configure: failed program was:
| /* confdefs.h */
| #define PACKAGE_NAME "json-c"
| #define PACKAGE_TARNAME "json-c"
| #define PACKAGE_VERSION "0.13.99"
| #define PACKAGE_STRING "json-c 0.13.99"
| #define PACKAGE_BUGREPORT "json-c@googlegroups.com"
| #define PACKAGE_URL ""
| #define PACKAGE "json-c"
| #define VERSION "0.13.99"
| /* end confdefs.h.  */
| #include <stdarg.h>
| #include <stdbool.h>
| #include <stdlib.h>
| #include <wchar.h>
| #include <stdio.h>
| 
| // Check varargs macros.  These examples are taken from C99 6.10.3.5.
| #define debug(...) fprintf (stderr, __VA_ARGS__)
| #define showlist(...) puts (#__VA_ARGS__)
| #define report(test,...) ((test) ? puts (#test) : printf (__VA_ARGS__))
| static void
| test_varargs_macros (void)
| {
|   int x = 1234;
|   int y = 5678;
|   debug ("Flag");
|   debug ("X = %d\n", x);
|   showlist (The first, second, and third items.);
|   report (x>y, "x is %d but y is %d", x, y);
| }
| 
| // Check long long types.
| #define BIG64 18446744073709551615ull
| #define BIG32 4294967295ul
| #define BIG_OK (BIG64 / BIG32 == 4294967297ull && BIG64 % BIG32 == 0)
| #if !BIG_OK
|   your preprocessor is broken;
| #endif
| #if BIG_OK
| #else
|   your preprocessor is broken;
| #endif
| static long long int bignum = -9223372036854775807LL;
| static unsigned long long int ubignum = BIG64;
| 
| struct incomplete_array
| {
|   int datasize;
|   double data[];
| };
| 
| struct named_init {
|   int number;
|   const wchar_t *name;
|   double average;
| };
| 
| typedef const char *ccp;
| 
| static inline int
| test_restrict (ccp restrict text)
| {
|   // See if C++-style comments work.
|   // Iterate through items via the restricted pointer.
|   // Also check for declarations in for loops.
|   for (unsigned int i = 0; *(text+i) != '\0'; ++i)
|     continue;
|   return 0;
| }
| 
| // Check varargs and va_copy.
| static void
| test_varargs (const char *format, ...)
| {
|   va_list args;
|   va_start (args, format);
|   va_list args_copy;
|   va_copy (args_copy, args);
| 
|   const char *str;
|   int number;
|   float fnumber;
| 
|   while (*format)
|     {
|       switch (*format++)
| 	{
| 	case 's': // string
| 	  str = va_arg (args_copy, const char *);
| 	  break;
| 	case 'd': // int
| 	  number = va_arg (args_copy, int);
| 	  break;
| 	case 'f': // float
| 	  fnumber = va_arg (args_copy, double);
| 	  break;
| 	default:
| 	  break;
| 	}
|     }
|   va_end (args_copy);
|   va_end (args);
| }
| 
| int
| main ()
| {
| 
|   // Check bool.
|   _Bool success = false;
| 
|   // Check restrict.
|   if (test_restrict ("String literal") == 0)
|     success = true;
|   char *restrict newvar = "Another string";
| 
|   // Check varargs.
|   test_varargs ("s, d' f .", "string", 65, 34.234);
|   test_varargs_macros ();
| 
|   // Check flexible array members.
|   struct incomplete_array *ia =
|     malloc (sizeof (struct incomplete_array) + (sizeof (double) * 10));
|   ia->datasize = 10;
|   for (int i = 0; i < ia->datasize; ++i)
|     ia->data[i] = i * 1.234;
| 
|   // Check named initializers.
|   struct named_init ni = {
|     .number = 34,
|     .name = L"Test wide string",
|     .average = 543.34343,
|   };
| 
|   ni.number = 58;
| 
|   int dynamic_array[ni.number];
|   dynamic_array[ni.number - 1] = 543;
| 
|   // work around unused variable warnings
|   return (!success || bignum == 0LL || ubignum == 0uLL || newvar[0] == 'x'
| 	  || dynamic_array[ni.number - 1] != 543);
| 
|   ;
|   return 0;
| }
configure:4300: arm-none-linux-gnueabi-gcc -std=gnu99 -c -g -O2  conftest.c >&5
configure:4300: $? = 0
configure:4320: result: -std=gnu99
configure:4338: checking how to run the C preprocessor
configure:4369: arm-none-linux-gnueabi-gcc -std=gnu99 -E  conftest.c
configure:4369: $? = 0
configure:4383: arm-none-linux-gnueabi-gcc -std=gnu99 -E  conftest.c
conftest.c:11:28: fatal error: ac_nonexistent.h: No such file or directory
compilation terminated.
configure:4383: $? = 1
configure: failed program was:
| /* confdefs.h */
| #define PACKAGE_NAME "json-c"
| #define PACKAGE_TARNAME "json-c"
| #define PACKAGE_VERSION "0.13.99"
| #define PACKAGE_STRING "json-c 0.13.99"
| #define PACKAGE_BUGREPORT "json-c@googlegroups.com"
| #define PACKAGE_URL ""
| #define PACKAGE "json-c"
| #define VERSION "0.13.99"
| /* end confdefs.h.  */
| #include <ac_nonexistent.h>
configure:4408: result: arm-none-linux-gnueabi-gcc -std=gnu99 -E
configure:4428: arm-none-linux-gnueabi-gcc -std=gnu99 -E  conftest.c
configure:4428: $? = 0
configure:4442: arm-none-linux-gnueabi-gcc -std=gnu99 -E  conftest.c
conftest.c:11:28: fatal error: ac_nonexistent.h: No such file or directory
compilation terminated.
configure:4442: $? = 1
configure: failed program was:
| /* confdefs.h */
| #define PACKAGE_NAME "json-c"
| #define PACKAGE_TARNAME "json-c"
| #define PACKAGE_VERSION "0.13.99"
| #define PACKAGE_STRING "json-c 0.13.99"
| #define PACKAGE_BUGREPORT "json-c@googlegroups.com"
| #define PACKAGE_URL ""
| #define PACKAGE "json-c"
| #define VERSION "0.13.99"
| /* end confdefs.h.  */
| #include <ac_nonexistent.h>
configure:4471: checking for grep that handles long lines and -e
configure:4529: result: /bin/grep
configure:4534: checking for egrep
configure:4596: result: /bin/grep -E
configure:4601: checking for ANSI C header files
configure:4621: arm-none-linux-gnueabi-gcc -std=gnu99 -c -g -O2  conftest.c >&5
configure:4621: $? = 0
configure:4705: result: yes
configure:4718: checking for sys/types.h
configure:4718: arm-none-linux-gnueabi-gcc -std=gnu99 -c -g -O2  conftest.c >&5
configure:4718: $? = 0
configure:4718: result: yes
configure:4718: checking for sys/stat.h
configure:4718: arm-none-linux-gnueabi-gcc -std=gnu99 -c -g -O2  conftest.c >&5
configure:4718: $? = 0
configure:4718: result: yes
configure:4718: checking for stdlib.h
configure:4718: arm-none-linux-gnueabi-gcc -std=gnu99 -c -g -O2  conftest.c >&5
configure:4718: $? = 0
configure:4718: result: yes
configure:4718: checking for string.h
configure:4718: arm-none-linux-gnueabi-gcc -std=gnu99 -c -g -O2  conftest.c >&5
configure:4718: $? = 0
configure:4718: result: yes
configure:4718: checking for memory.h
configure:4718: arm-none-linux-gnueabi-gcc -std=gnu99 -c -g -O2  conftest.c >&5
configure:4718: $? = 0
configure:4718: result: yes
configure:4718: checking for strings.h
configure:4718: arm-none-linux-gnueabi-gcc -std=gnu99 -c -g -O2  conftest.c >&5
configure:4718: $? = 0
configure:4718: result: yes
configure:4718: checking for inttypes.h
configure:4718: arm-none-linux-gnueabi-gcc -std=gnu99 -c -g -O2  conftest.c >&5
configure:4718: $? = 0
configure:4718: result: yes
configure:4718: checking for stdint.h
configure:4718: arm-none-linux-gnueabi-gcc -std=gnu99 -c -g -O2  conftest.c >&5
configure:4718: $? = 0
configure:4718: result: yes
configure:4718: checking for unistd.h
configure:4718: arm-none-linux-gnueabi-gcc -std=gnu99 -c -g -O2  conftest.c >&5
configure:4718: $? = 0
configure:4718: result: yes
configure:4733: checking fcntl.h usability
configure:4733: arm-none-linux-gnueabi-gcc -std=gnu99 -c -g -O2  conftest.c >&5
configure:4733: $? = 0
configure:4733: result: yes
configure:4733: checking fcntl.h presence
configure:4733: arm-none-linux-gnueabi-gcc -std=gnu99 -E  conftest.c
configure:4733: $? = 0
configure:4733: result: yes
configure:4733: checking for fcntl.h
configure:4733: result: yes
configure:4733: checking limits.h usability
configure:4733: arm-none-linux-gnueabi-gcc -std=gnu99 -c -g -O2  conftest.c >&5
configure:4733: $? = 0
configure:4733: result: yes
configure:4733: checking limits.h presence
configure:4733: arm-none-linux-gnueabi-gcc -std=gnu99 -E  conftest.c
configure:4733: $? = 0
configure:4733: result: yes
configure:4733: checking for limits.h
configure:4733: result: yes
configure:4733: checking for strings.h
configure:4733: result: yes
configure:4733: checking syslog.h usability
configure:4733: arm-none-linux-gnueabi-gcc -std=gnu99 -c -g -O2  conftest.c >&5
configure:4733: $? = 0
configure:4733: result: yes
configure:4733: checking syslog.h presence
configure:4733: arm-none-linux-gnueabi-gcc -std=gnu99 -E  conftest.c
configure:4733: $? = 0
configure:4733: result: yes
configure:4733: checking for syslog.h
configure:4733: result: yes
configure:4733: checking for unistd.h
configure:4733: result: yes
configure:4733: checking sys/cdefs.h usability
configure:4733: arm-none-linux-gnueabi-gcc -std=gnu99 -c -g -O2  conftest.c >&5
configure:4733: $? = 0
configure:4733: result: yes
configure:4733: checking sys/cdefs.h presence
configure:4733: arm-none-linux-gnueabi-gcc -std=gnu99 -E  conftest.c
configure:4733: $? = 0
configure:4733: result: yes
configure:4733: checking for sys/cdefs.h
configure:4733: result: yes
configure:4733: checking sys/param.h usability
configure:4733: arm-none-linux-gnueabi-gcc -std=gnu99 -c -g -O2  conftest.c >&5
configure:4733: $? = 0
configure:4733: result: yes
configure:4733: checking sys/param.h presence
configure:4733: arm-none-linux-gnueabi-gcc -std=gnu99 -E  conftest.c
configure:4733: $? = 0
configure:4733: result: yes
configure:4733: checking for sys/param.h
configure:4733: result: yes
configure:4733: checking stdarg.h usability
configure:4733: arm-none-linux-gnueabi-gcc -std=gnu99 -c -g -O2  conftest.c >&5
configure:4733: $? = 0
configure:4733: result: yes
configure:4733: checking stdarg.h presence
configure:4733: arm-none-linux-gnueabi-gcc -std=gnu99 -E  conftest.c
configure:4733: $? = 0
configure:4733: result: yes
configure:4733: checking for stdarg.h
configure:4733: result: yes
configure:4733: checking locale.h usability
configure:4733: arm-none-linux-gnueabi-gcc -std=gnu99 -c -g -O2  conftest.c >&5
configure:4733: $? = 0
configure:4733: result: yes
configure:4733: checking locale.h presence
configure:4733: arm-none-linux-gnueabi-gcc -std=gnu99 -E  conftest.c
configure:4733: $? = 0
configure:4733: result: yes
configure:4733: checking for locale.h
configure:4733: result: yes
configure:4733: checking xlocale.h usability
configure:4733: arm-none-linux-gnueabi-gcc -std=gnu99 -c -g -O2  conftest.c >&5
configure:4733: $? = 0
configure:4733: result: yes
configure:4733: checking xlocale.h presence
configure:4733: arm-none-linux-gnueabi-gcc -std=gnu99 -E  conftest.c
configure:4733: $? = 0
configure:4733: result: yes
configure:4733: checking for xlocale.h
configure:4733: result: yes
configure:4733: checking endian.h usability
configure:4733: arm-none-linux-gnueabi-gcc -std=gnu99 -c -g -O2  conftest.c >&5
configure:4733: $? = 0
configure:4733: result: yes
configure:4733: checking endian.h presence
configure:4733: arm-none-linux-gnueabi-gcc -std=gnu99 -E  conftest.c
configure:4733: $? = 0
configure:4733: result: yes
configure:4733: checking for endian.h
configure:4733: result: yes
configure:4743: checking for inttypes.h
configure:4743: result: yes
configure:4753: checking for an ANSI C-conforming const
configure:4819: arm-none-linux-gnueabi-gcc -std=gnu99 -c -g -O2  conftest.c >&5
configure:4819: $? = 0
configure:4826: result: yes
configure:4834: checking for size_t
configure:4834: arm-none-linux-gnueabi-gcc -std=gnu99 -c -g -O2  conftest.c >&5
configure:4834: $? = 0
configure:4834: arm-none-linux-gnueabi-gcc -std=gnu99 -c -g -O2  conftest.c >&5
conftest.c: In function 'main':
conftest.c:69:21: error: expected expression before ')' token
configure:4834: $? = 1
configure: failed program was:
| /* confdefs.h */
| #define PACKAGE_NAME "json-c"
| #define PACKAGE_TARNAME "json-c"
| #define PACKAGE_VERSION "0.13.99"
| #define PACKAGE_STRING "json-c 0.13.99"
| #define PACKAGE_BUGREPORT "json-c@googlegroups.com"
| #define PACKAGE_URL ""
| #define PACKAGE "json-c"
| #define VERSION "0.13.99"
| #define STDC_HEADERS 1
| #define HAVE_SYS_TYPES_H 1
| #define HAVE_SYS_STAT_H 1
| #define HAVE_STDLIB_H 1
| #define HAVE_STRING_H 1
| #define HAVE_MEMORY_H 1
| #define HAVE_STRINGS_H 1
| #define HAVE_INTTYPES_H 1
| #define HAVE_STDINT_H 1
| #define HAVE_UNISTD_H 1
| #define HAVE_FCNTL_H 1
| #define HAVE_LIMITS_H 1
| #define HAVE_STRINGS_H 1
| #define HAVE_SYSLOG_H 1
| #define HAVE_UNISTD_H 1
| #define HAVE_SYS_CDEFS_H 1
| #define HAVE_SYS_PARAM_H 1
| #define HAVE_STDARG_H 1
| #define HAVE_LOCALE_H 1
| #define HAVE_XLOCALE_H 1
| #define HAVE_ENDIAN_H 1
| #define JSON_C_HAVE_INTTYPES_H 1
| /* end confdefs.h.  */
| #include <stdio.h>
| #ifdef HAVE_SYS_TYPES_H
| # include <sys/types.h>
| #endif
| #ifdef HAVE_SYS_STAT_H
| # include <sys/stat.h>
| #endif
| #ifdef STDC_HEADERS
| # include <stdlib.h>
| # include <stddef.h>
| #else
| # ifdef HAVE_STDLIB_H
| #  include <stdlib.h>
| # endif
| #endif
| #ifdef HAVE_STRING_H
| # if !defined STDC_HEADERS && defined HAVE_MEMORY_H
| #  include <memory.h>
| # endif
| # include <string.h>
| #endif
| #ifdef HAVE_STRINGS_H
| # include <strings.h>
| #endif
| #ifdef HAVE_INTTYPES_H
| # include <inttypes.h>
| #endif
| #ifdef HAVE_STDINT_H
| # include <stdint.h>
| #endif
| #ifdef HAVE_UNISTD_H
| # include <unistd.h>
| #endif
| int
| main ()
| {
| if (sizeof ((size_t)))
| 	    return 0;
|   ;
|   return 0;
| }
configure:4834: result: yes
configure:4846: checking for __thread support
configure:4863: arm-none-linux-gnueabi-gcc -std=gnu99 -o conftest -g -O2   conftest.c  >&5
conftest.c: In function 'main':
conftest.c:38:1: warning: implicit declaration of function 'exit'
conftest.c:38:1: warning: incompatible implicit declaration of built-in function 'exit'
configure:4863: $? = 0
configure:4872: result: yes
configure:4887: checking for vprintf
configure:4887: arm-none-linux-gnueabi-gcc -std=gnu99 -o conftest -g -O2   conftest.c  >&5
conftest.c:58:6: warning: conflicting types for built-in function 'vprintf'
configure:4887: $? = 0
configure:4887: result: yes
configure:4893: checking for _doprnt
configure:4893: arm-none-linux-gnueabi-gcc -std=gnu99 -o conftest -g -O2   conftest.c  >&5
/tmp/ccQY349D.o: In function `main':
/home/gunix/workspace/src/webserver/json-c/conftest.c:70: undefined reference to `_doprnt'
collect2: ld returned 1 exit status
configure:4893: $? = 1
configure: failed program was:
| /* confdefs.h */
| #define PACKAGE_NAME "json-c"
| #define PACKAGE_TARNAME "json-c"
| #define PACKAGE_VERSION "0.13.99"
| #define PACKAGE_STRING "json-c 0.13.99"
| #define PACKAGE_BUGREPORT "json-c@googlegroups.com"
| #define PACKAGE_URL ""
| #define PACKAGE "json-c"
| #define VERSION "0.13.99"
| #define STDC_HEADERS 1
| #define HAVE_SYS_TYPES_H 1
| #define HAVE_SYS_STAT_H 1
| #define HAVE_STDLIB_H 1
| #define HAVE_STRING_H 1
| #define HAVE_MEMORY_H 1
| #define HAVE_STRINGS_H 1
| #define HAVE_INTTYPES_H 1
| #define HAVE_STDINT_H 1
| #define HAVE_UNISTD_H 1
| #define HAVE_FCNTL_H 1
| #define HAVE_LIMITS_H 1
| #define HAVE_STRINGS_H 1
| #define HAVE_SYSLOG_H 1
| #define HAVE_UNISTD_H 1
| #define HAVE_SYS_CDEFS_H 1
| #define HAVE_SYS_PARAM_H 1
| #define HAVE_STDARG_H 1
| #define HAVE_LOCALE_H 1
| #define HAVE_XLOCALE_H 1
| #define HAVE_ENDIAN_H 1
| #define JSON_C_HAVE_INTTYPES_H 1
| #define HAVE___THREAD 1
| #define SPEC___THREAD __thread
| #define HAVE_VPRINTF 1
| /* end confdefs.h.  */
| /* Define _doprnt to an innocuous variant, in case <limits.h> declares _doprnt.
|    For example, HP-UX 11i <limits.h> declares gettimeofday.  */
| #define _doprnt innocuous__doprnt
| 
| /* System header to define __stub macros and hopefully few prototypes,
|     which can conflict with char _doprnt (); below.
|     Prefer <limits.h> to <assert.h> if __STDC__ is defined, since
|     <limits.h> exists even on freestanding compilers.  */
| 
| #ifdef __STDC__
| # include <limits.h>
| #else
| # include <assert.h>
| #endif
| 
| #undef _doprnt
| 
| /* Override any GCC internal prototype to avoid an error.
|    Use char because int might match the return type of a GCC
|    builtin and then its argument prototype would still apply.  */
| #ifdef __cplusplus
| extern "C"
| #endif
| char _doprnt ();
| /* The GNU C library defines this for functions which it implements
|     to always fail with ENOSYS.  Some functions are actually named
|     something starting with __ and the normal name is an alias.  */
| #if defined __stub__doprnt || defined __stub____doprnt
| choke me
| #endif
| 
| int
| main ()
| {
| return _doprnt ();
|   ;
|   return 0;
| }
configure:4893: result: no
configure:4904: checking for working memcmp
configure:4957: result: no
configure:4968: checking for realloc
configure:4968: arm-none-linux-gnueabi-gcc -std=gnu99 -o conftest -g -O2   conftest.c  >&5
conftest.c:59:6: warning: conflicting types for built-in function 'realloc'
configure:4968: $? = 0
configure:4968: result: yes
configure:4980: checking for strcasecmp
configure:4980: arm-none-linux-gnueabi-gcc -std=gnu99 -o conftest -g -O2   conftest.c  >&5
conftest.c:60:6: warning: conflicting types for built-in function 'strcasecmp'
configure:4980: $? = 0
configure:4980: result: yes
configure:4980: checking for strdup
configure:4980: arm-none-linux-gnueabi-gcc -std=gnu99 -o conftest -g -O2   conftest.c  >&5
conftest.c:61:6: warning: conflicting types for built-in function 'strdup'
configure:4980: $? = 0
configure:4980: result: yes
configure:4980: checking for strerror
configure:4980: arm-none-linux-gnueabi-gcc -std=gnu99 -o conftest -g -O2   conftest.c  >&5
configure:4980: $? = 0
configure:4980: result: yes
configure:4980: checking for snprintf
configure:4980: arm-none-linux-gnueabi-gcc -std=gnu99 -o conftest -g -O2   conftest.c  >&5
conftest.c:63:6: warning: conflicting types for built-in function 'snprintf'
configure:4980: $? = 0
configure:4980: result: yes
configure:4980: checking for vsnprintf
configure:4980: arm-none-linux-gnueabi-gcc -std=gnu99 -o conftest -g -O2   conftest.c  >&5
conftest.c:64:6: warning: conflicting types for built-in function 'vsnprintf'
configure:4980: $? = 0
configure:4980: result: yes
configure:4980: checking for vasprintf
configure:4980: arm-none-linux-gnueabi-gcc -std=gnu99 -o conftest -g -O2   conftest.c  >&5
configure:4980: $? = 0
configure:4980: result: yes
configure:4980: checking for open
configure:4980: arm-none-linux-gnueabi-gcc -std=gnu99 -o conftest -g -O2   conftest.c  >&5
configure:4980: $? = 0
configure:4980: result: yes
configure:4980: checking for vsyslog
configure:4980: arm-none-linux-gnueabi-gcc -std=gnu99 -o conftest -g -O2   conftest.c  >&5
configure:4980: $? = 0
configure:4980: result: yes
configure:4980: checking for strncasecmp
configure:4980: arm-none-linux-gnueabi-gcc -std=gnu99 -o conftest -g -O2   conftest.c  >&5
conftest.c:68:6: warning: conflicting types for built-in function 'strncasecmp'
configure:4980: $? = 0
configure:4980: result: yes
configure:4980: checking for setlocale
configure:4980: arm-none-linux-gnueabi-gcc -std=gnu99 -o conftest -g -O2   conftest.c  >&5
configure:4980: $? = 0
configure:4980: result: yes
configure:4989: checking whether INFINITY is declared
configure:4989: arm-none-linux-gnueabi-gcc -std=gnu99 -c -g -O2  conftest.c >&5
configure:4989: $? = 0
configure:4989: result: yes
configure:5001: checking whether nan is declared
configure:5001: arm-none-linux-gnueabi-gcc -std=gnu99 -c -g -O2  conftest.c >&5
configure:5001: $? = 0
configure:5001: result: yes
configure:5013: checking whether isnan is declared
configure:5013: arm-none-linux-gnueabi-gcc -std=gnu99 -c -g -O2  conftest.c >&5
configure:5013: $? = 0
configure:5013: result: yes
configure:5025: checking whether isinf is declared
configure:5025: arm-none-linux-gnueabi-gcc -std=gnu99 -c -g -O2  conftest.c >&5
configure:5025: $? = 0
configure:5025: result: yes
configure:5037: checking whether _isnan is declared
configure:5037: arm-none-linux-gnueabi-gcc -std=gnu99 -c -g -O2  conftest.c >&5
conftest.c: In function 'main':
conftest.c:60:10: error: '_isnan' undeclared (first use in this function)
conftest.c:60:10: note: each undeclared identifier is reported only once for each function it appears in
configure:5037: $? = 1
configure: failed program was:
| /* confdefs.h */
| #define PACKAGE_NAME "json-c"
| #define PACKAGE_TARNAME "json-c"
| #define PACKAGE_VERSION "0.13.99"
| #define PACKAGE_STRING "json-c 0.13.99"
| #define PACKAGE_BUGREPORT "json-c@googlegroups.com"
| #define PACKAGE_URL ""
| #define PACKAGE "json-c"
| #define VERSION "0.13.99"
| #define STDC_HEADERS 1
| #define HAVE_SYS_TYPES_H 1
| #define HAVE_SYS_STAT_H 1
| #define HAVE_STDLIB_H 1
| #define HAVE_STRING_H 1
| #define HAVE_MEMORY_H 1
| #define HAVE_STRINGS_H 1
| #define HAVE_INTTYPES_H 1
| #define HAVE_STDINT_H 1
| #define HAVE_UNISTD_H 1
| #define HAVE_FCNTL_H 1
| #define HAVE_LIMITS_H 1
| #define HAVE_STRINGS_H 1
| #define HAVE_SYSLOG_H 1
| #define HAVE_UNISTD_H 1
| #define HAVE_SYS_CDEFS_H 1
| #define HAVE_SYS_PARAM_H 1
| #define HAVE_STDARG_H 1
| #define HAVE_LOCALE_H 1
| #define HAVE_XLOCALE_H 1
| #define HAVE_ENDIAN_H 1
| #define JSON_C_HAVE_INTTYPES_H 1
| #define HAVE___THREAD 1
| #define SPEC___THREAD __thread
| #define HAVE_VPRINTF 1
| #define HAVE_REALLOC 1
| #define HAVE_STRCASECMP 1
| #define HAVE_STRDUP 1
| #define HAVE_STRERROR 1
| #define HAVE_SNPRINTF 1
| #define HAVE_VSNPRINTF 1
| #define HAVE_VASPRINTF 1
| #define HAVE_OPEN 1
| #define HAVE_VSYSLOG 1
| #define HAVE_STRNCASECMP 1
| #define HAVE_SETLOCALE 1
| #define HAVE_DECL_INFINITY 1
| #define HAVE_DECL_NAN 1
| #define HAVE_DECL_ISNAN 1
| #define HAVE_DECL_ISINF 1
| /* end confdefs.h.  */
| #include <float.h>
| 
| int
| main ()
| {
| #ifndef _isnan
| #ifdef __cplusplus
|   (void) _isnan;
| #else
|   (void) _isnan;
| #endif
| #endif
| 
|   ;
|   return 0;
| }
configure:5037: result: no
configure:5049: checking whether _finite is declared
configure:5049: arm-none-linux-gnueabi-gcc -std=gnu99 -c -g -O2  conftest.c >&5
conftest.c: In function 'main':
conftest.c:61:10: error: '_finite' undeclared (first use in this function)
conftest.c:61:10: note: each undeclared identifier is reported only once for each function it appears in
configure:5049: $? = 1
configure: failed program was:
| /* confdefs.h */
| #define PACKAGE_NAME "json-c"
| #define PACKAGE_TARNAME "json-c"
| #define PACKAGE_VERSION "0.13.99"
| #define PACKAGE_STRING "json-c 0.13.99"
| #define PACKAGE_BUGREPORT "json-c@googlegroups.com"
| #define PACKAGE_URL ""
| #define PACKAGE "json-c"
| #define VERSION "0.13.99"
| #define STDC_HEADERS 1
| #define HAVE_SYS_TYPES_H 1
| #define HAVE_SYS_STAT_H 1
| #define HAVE_STDLIB_H 1
| #define HAVE_STRING_H 1
| #define HAVE_MEMORY_H 1
| #define HAVE_STRINGS_H 1
| #define HAVE_INTTYPES_H 1
| #define HAVE_STDINT_H 1
| #define HAVE_UNISTD_H 1
| #define HAVE_FCNTL_H 1
| #define HAVE_LIMITS_H 1
| #define HAVE_STRINGS_H 1
| #define HAVE_SYSLOG_H 1
| #define HAVE_UNISTD_H 1
| #define HAVE_SYS_CDEFS_H 1
| #define HAVE_SYS_PARAM_H 1
| #define HAVE_STDARG_H 1
| #define HAVE_LOCALE_H 1
| #define HAVE_XLOCALE_H 1
| #define HAVE_ENDIAN_H 1
| #define JSON_C_HAVE_INTTYPES_H 1
| #define HAVE___THREAD 1
| #define SPEC___THREAD __thread
| #define HAVE_VPRINTF 1
| #define HAVE_REALLOC 1
| #define HAVE_STRCASECMP 1
| #define HAVE_STRDUP 1
| #define HAVE_STRERROR 1
| #define HAVE_SNPRINTF 1
| #define HAVE_VSNPRINTF 1
| #define HAVE_VASPRINTF 1
| #define HAVE_OPEN 1
| #define HAVE_VSYSLOG 1
| #define HAVE_STRNCASECMP 1
| #define HAVE_SETLOCALE 1
| #define HAVE_DECL_INFINITY 1
| #define HAVE_DECL_NAN 1
| #define HAVE_DECL_ISNAN 1
| #define HAVE_DECL_ISINF 1
| #define HAVE_DECL__ISNAN 0
| /* end confdefs.h.  */
| #include <float.h>
| 
| int
| main ()
| {
| #ifndef _finite
| #ifdef __cplusplus
|   (void) _finite;
| #else
|   (void) _finite;
| #endif
| #endif
| 
|   ;
|   return 0;
| }
configure:5049: result: no
configure:5061: checking for GCC atomic builtins
configure:5080: arm-none-linux-gnueabi-gcc -std=gnu99 -o conftest -g -O2   conftest.c  >&5
configure:5080: $? = 0
configure:5082: result: yes
configure:5103: checking for uselocale
configure:5103: arm-none-linux-gnueabi-gcc -std=gnu99 -o conftest -g -O2   conftest.c  >&5
configure:5103: $? = 0
configure:5103: result: yes
configure:5129: arm-none-linux-gnueabi-gcc -std=gnu99 -o conftest -g -O2   conftest.c  >&5
configure:5129: $? = 0
configure:5146: checking if .gnu.warning accepts long strings
configure:5157: arm-none-linux-gnueabi-gcc -std=gnu99 -o conftest -g -O2   conftest.c  >&5
/tmp/ccTrnHzb.s: Assembler messages:
/tmp/ccTrnHzb.s:22: Error: character following name is not '#'
configure:5157: $? = 1
configure: failed program was:
| /* confdefs.h */
| #define PACKAGE_NAME "json-c"
| #define PACKAGE_TARNAME "json-c"
| #define PACKAGE_VERSION "0.13.99"
| #define PACKAGE_STRING "json-c 0.13.99"
| #define PACKAGE_BUGREPORT "json-c@googlegroups.com"
| #define PACKAGE_URL ""
| #define PACKAGE "json-c"
| #define VERSION "0.13.99"
| #define STDC_HEADERS 1
| #define HAVE_SYS_TYPES_H 1
| #define HAVE_SYS_STAT_H 1
| #define HAVE_STDLIB_H 1
| #define HAVE_STRING_H 1
| #define HAVE_MEMORY_H 1
| #define HAVE_STRINGS_H 1
| #define HAVE_INTTYPES_H 1
| #define HAVE_STDINT_H 1
| #define HAVE_UNISTD_H 1
| #define HAVE_FCNTL_H 1
| #define HAVE_LIMITS_H 1
| #define HAVE_STRINGS_H 1
| #define HAVE_SYSLOG_H 1
| #define HAVE_UNISTD_H 1
| #define HAVE_SYS_CDEFS_H 1
| #define HAVE_SYS_PARAM_H 1
| #define HAVE_STDARG_H 1
| #define HAVE_LOCALE_H 1
| #define HAVE_XLOCALE_H 1
| #define HAVE_ENDIAN_H 1
| #define JSON_C_HAVE_INTTYPES_H 1
| #define HAVE___THREAD 1
| #define SPEC___THREAD __thread
| #define HAVE_VPRINTF 1
| #define HAVE_REALLOC 1
| #define HAVE_STRCASECMP 1
| #define HAVE_STRDUP 1
| #define HAVE_STRERROR 1
| #define HAVE_SNPRINTF 1
| #define HAVE_VSNPRINTF 1
| #define HAVE_VASPRINTF 1
| #define HAVE_OPEN 1
| #define HAVE_VSYSLOG 1
| #define HAVE_STRNCASECMP 1
| #define HAVE_SETLOCALE 1
| #define HAVE_DECL_INFINITY 1
| #define HAVE_DECL_NAN 1
| #define HAVE_DECL_ISNAN 1
| #define HAVE_DECL_ISINF 1
| #define HAVE_DECL__ISNAN 0
| #define HAVE_DECL__FINITE 0
| #define HAVE_ATOMIC_BUILTINS 1
| #define HAVE_USELOCALE 1
| /* end confdefs.h.  */
| 
| extern void json_object_get();
| __asm__(".section .gnu.json_object_get,\n\t.ascii \"Please link against libjson-c instead of libjson\"\n\t.text");
| 
| int main(int c,char* v) {return 0;}
| 
configure:5167: result: no
configure:5227: checking how to print strings
configure:5254: result: printf
configure:5275: checking for a sed that does not truncate output
configure:5339: result: /bin/sed
configure:5357: checking for fgrep
configure:5419: result: /bin/grep -F
configure:5454: checking for ld used by arm-none-linux-gnueabi-gcc -std=gnu99
configure:5521: result: /opt/arm-2010.09/arm-none-linux-gnueabi/bin/ld
configure:5528: checking if the linker (/opt/arm-2010.09/arm-none-linux-gnueabi/bin/ld) is GNU ld
configure:5543: result: yes
configure:5555: checking for BSD- or MS-compatible name lister (nm)
configure:5604: result: /opt/arm-2010.09/bin/arm-none-linux-gnueabi-nm -B
configure:5734: checking the name lister (/opt/arm-2010.09/bin/arm-none-linux-gnueabi-nm -B) interface
configure:5741: arm-none-linux-gnueabi-gcc -std=gnu99 -c -g -O2  conftest.c >&5
configure:5744: /opt/arm-2010.09/bin/arm-none-linux-gnueabi-nm -B "conftest.o"
configure:5747: output
00000000 B some_variable
configure:5754: result: BSD nm
configure:5757: checking whether ln -s works
configure:5761: result: yes
configure:5769: checking the maximum length of command line arguments
configure:5900: result: 1572864
configure:5917: checking whether the shell understands some XSI constructs
configure:5927: result: yes
configure:5931: checking whether the shell understands "+="
configure:5937: result: yes
configure:5972: checking how to convert i686-pc-linux-gnu file names to arm-none-linux-gnueabi format
configure:6012: result: func_convert_file_noop
configure:6019: checking how to convert i686-pc-linux-gnu file names to toolchain format
configure:6039: result: func_convert_file_noop
configure:6046: checking for /opt/arm-2010.09/arm-none-linux-gnueabi/bin/ld option to reload object files
configure:6053: result: -r
configure:6087: checking for arm-none-linux-gnueabi-objdump
configure:6103: found /opt/arm-2010.09/bin/arm-none-linux-gnueabi-objdump
configure:6114: result: arm-none-linux-gnueabi-objdump
configure:6186: checking how to recognize dependent libraries
configure:6384: result: pass_all
configure:6429: checking for arm-none-linux-gnueabi-dlltool
configure:6459: result: no
configure:6469: checking for dlltool
configure:6499: result: no
configure:6529: checking how to associate runtime and link libraries
configure:6556: result: printf %s\n
configure:6572: checking for arm-none-linux-gnueabi-ar
configure:6588: found /opt/arm-2010.09/bin/arm-none-linux-gnueabi-ar
configure:6599: result: arm-none-linux-gnueabi-ar
configure:6680: checking for archiver @FILE support
configure:6697: arm-none-linux-gnueabi-gcc -std=gnu99 -c -g -O2  conftest.c >&5
configure:6697: $? = 0
configure:6700: arm-none-linux-gnueabi-ar cru libconftest.a @conftest.lst >&5
configure:6703: $? = 0
configure:6708: arm-none-linux-gnueabi-ar cru libconftest.a @conftest.lst >&5
arm-none-linux-gnueabi-ar: conftest.o: No such file or directory
configure:6711: $? = 1
configure:6723: result: @
configure:6741: checking for arm-none-linux-gnueabi-strip
configure:6768: result: arm-none-linux-gnueabi-strip
configure:6840: checking for arm-none-linux-gnueabi-ranlib
configure:6856: found /opt/arm-2010.09/bin/arm-none-linux-gnueabi-ranlib
configure:6867: result: arm-none-linux-gnueabi-ranlib
configure:7009: checking command to parse /opt/arm-2010.09/bin/arm-none-linux-gnueabi-nm -B output from arm-none-linux-gnueabi-gcc -std=gnu99 object
configure:7129: arm-none-linux-gnueabi-gcc -std=gnu99 -c -g -O2  conftest.c >&5
configure:7132: $? = 0
configure:7136: /opt/arm-2010.09/bin/arm-none-linux-gnueabi-nm -B conftest.o \| sed -n -e 's/^.*[ ]\([ABCDGIRSTW][ABCDGIRSTW]*\)[ ][ ]*\([_A-Za-z][_A-Za-z0-9]*\)$/\1 \2 \2/p' | sed '/ __gnu_lto/d' \> conftest.nm
configure:7139: $? = 0
configure:7205: arm-none-linux-gnueabi-gcc -std=gnu99 -o conftest -g -O2   conftest.c conftstm.o >&5
configure:7208: $? = 0
configure:7246: result: ok
configure:7283: checking for sysroot
configure:7313: result: no
configure:7542: checking for arm-none-linux-gnueabi-mt
configure:7572: result: no
configure:7582: checking for mt
configure:7598: found /bin/mt
configure:7609: result: mt
configure:7621: WARNING: using cross tools not prefixed with host triplet
configure:7632: checking if mt is a manifest tool
configure:7638: mt '-?'
configure:7646: result: no
configure:8285: checking for dlfcn.h
configure:8285: arm-none-linux-gnueabi-gcc -std=gnu99 -c -g -O2  conftest.c >&5
configure:8285: $? = 0
configure:8285: result: yes
configure:8491: checking for objdir
configure:8506: result: .libs
configure:8777: checking if arm-none-linux-gnueabi-gcc -std=gnu99 supports -fno-rtti -fno-exceptions
configure:8795: arm-none-linux-gnueabi-gcc -std=gnu99 -c -g -O2  -fno-rtti -fno-exceptions conftest.c >&5
cc1: warning: command line option "-fno-rtti" is valid for C++/ObjC++ but not for C
configure:8799: $? = 0
configure:8812: result: no
configure:9139: checking for arm-none-linux-gnueabi-gcc -std=gnu99 option to produce PIC
configure:9146: result: -fPIC -DPIC
configure:9154: checking if arm-none-linux-gnueabi-gcc -std=gnu99 PIC flag -fPIC -DPIC works
configure:9172: arm-none-linux-gnueabi-gcc -std=gnu99 -c -g -O2  -fPIC -DPIC -DPIC conftest.c >&5
configure:9176: $? = 0
configure:9189: result: yes
configure:9218: checking if arm-none-linux-gnueabi-gcc -std=gnu99 static flag -static works
configure:9246: result: yes
configure:9261: checking if arm-none-linux-gnueabi-gcc -std=gnu99 supports -c -o file.o
configure:9282: arm-none-linux-gnueabi-gcc -std=gnu99 -c -g -O2  -o out/conftest2.o conftest.c >&5
configure:9286: $? = 0
configure:9308: result: yes
configure:9316: checking if arm-none-linux-gnueabi-gcc -std=gnu99 supports -c -o file.o
configure:9363: result: yes
configure:9396: checking whether the arm-none-linux-gnueabi-gcc -std=gnu99 linker (/opt/arm-2010.09/arm-none-linux-gnueabi/bin/ld) supports shared libraries
configure:10553: result: yes
configure:10590: checking whether -lc should be explicitly linked in
configure:10598: arm-none-linux-gnueabi-gcc -std=gnu99 -c -g -O2  conftest.c >&5
configure:10601: $? = 0
configure:10616: arm-none-linux-gnueabi-gcc -std=gnu99 -shared  -fPIC -DPIC conftest.o  -v -Wl,-soname -Wl,conftest -o conftest 2\>\&1 \| /bin/grep  -lc  \>/dev/null 2\>\&1
configure:10619: $? = 0
configure:10633: result: no
configure:10793: checking dynamic linker characteristics
configure:11293: arm-none-linux-gnueabi-gcc -std=gnu99 -o conftest -g -O2   -Wl,-rpath -Wl,/foo conftest.c  >&5
configure:11293: $? = 0
configure:11527: result: GNU/Linux ld.so
configure:11634: checking how to hardcode library paths into programs
configure:11659: result: immediate
configure:12199: checking whether stripping libraries is possible
configure:12204: result: yes
configure:12239: checking if libtool supports shared libraries
configure:12241: result: yes
configure:12244: checking whether to build shared libraries
configure:12265: result: yes
configure:12268: checking whether to build static libraries
configure:12272: result: yes
configure:12322: checking for -Bsymbolic-functions linker flag
configure:12336: arm-none-linux-gnueabi-gcc -std=gnu99 -o conftest -g -O2  -Wl,-Bsymbolic-functions conftest.c  >&5
configure:12336: $? = 0
configure:12338: result: yes
configure:12366: checking whether C compiler accepts -Wall
configure:12385: arm-none-linux-gnueabi-gcc -std=gnu99 -c -g -O2  -Wall  conftest.c >&5
configure:12385: $? = 0
configure:12394: result: yes
configure:12410: : CFLAGS="$CFLAGS"
configure:12413: $? = 0
configure:12366: checking whether C compiler accepts -Werror
configure:12385: arm-none-linux-gnueabi-gcc -std=gnu99 -c -g -O2 -Wall  -Werror  conftest.c >&5
configure:12385: $? = 0
configure:12394: result: yes
configure:12410: : CFLAGS="$CFLAGS"
configure:12413: $? = 0
configure:12366: checking whether C compiler accepts -Wcast-qual
configure:12385: arm-none-linux-gnueabi-gcc -std=gnu99 -c -g -O2 -Wall -Werror  -Wcast-qual  conftest.c >&5
configure:12385: $? = 0
configure:12394: result: yes
configure:12410: : CFLAGS="$CFLAGS"
configure:12413: $? = 0
configure:12366: checking whether C compiler accepts -Wno-error=deprecated-declarations
configure:12385: arm-none-linux-gnueabi-gcc -std=gnu99 -c -g -O2 -Wall -Werror -Wcast-qual  -Wno-error=deprecated-declarations  conftest.c >&5
configure:12385: $? = 0
configure:12394: result: yes
configure:12410: : CFLAGS="$CFLAGS"
configure:12413: $? = 0
configure:12441: checking whether C compiler accepts -Wextra
configure:12460: arm-none-linux-gnueabi-gcc -std=gnu99 -c -g -O2 -Wall -Werror -Wcast-qual -Wno-error=deprecated-declarations  -Wextra  conftest.c >&5
configure:12460: $? = 0
configure:12469: result: yes
configure:12485: : CFLAGS="$CFLAGS"
configure:12488: $? = 0
configure:12441: checking whether C compiler accepts -Wwrite-string
configure:12460: arm-none-linux-gnueabi-gcc -std=gnu99 -c -g -O2 -Wall -Werror -Wcast-qual -Wno-error=deprecated-declarations -Wextra  -Wwrite-string  conftest.c >&5
cc1: error: unrecognized command line option "-Wwrite-string"
configure:12460: $? = 1
configure: failed program was:
| /* confdefs.h */
| #define PACKAGE_NAME "json-c"
| #define PACKAGE_TARNAME "json-c"
| #define PACKAGE_VERSION "0.13.99"
| #define PACKAGE_STRING "json-c 0.13.99"
| #define PACKAGE_BUGREPORT "json-c@googlegroups.com"
| #define PACKAGE_URL ""
| #define PACKAGE "json-c"
| #define VERSION "0.13.99"
| #define STDC_HEADERS 1
| #define HAVE_SYS_TYPES_H 1
| #define HAVE_SYS_STAT_H 1
| #define HAVE_STDLIB_H 1
| #define HAVE_STRING_H 1
| #define HAVE_MEMORY_H 1
| #define HAVE_STRINGS_H 1
| #define HAVE_INTTYPES_H 1
| #define HAVE_STDINT_H 1
| #define HAVE_UNISTD_H 1
| #define HAVE_FCNTL_H 1
| #define HAVE_LIMITS_H 1
| #define HAVE_STRINGS_H 1
| #define HAVE_SYSLOG_H 1
| #define HAVE_UNISTD_H 1
| #define HAVE_SYS_CDEFS_H 1
| #define HAVE_SYS_PARAM_H 1
| #define HAVE_STDARG_H 1
| #define HAVE_LOCALE_H 1
| #define HAVE_XLOCALE_H 1
| #define HAVE_ENDIAN_H 1
| #define JSON_C_HAVE_INTTYPES_H 1
| #define HAVE___THREAD 1
| #define SPEC___THREAD __thread
| #define HAVE_VPRINTF 1
| #define HAVE_REALLOC 1
| #define HAVE_STRCASECMP 1
| #define HAVE_STRDUP 1
| #define HAVE_STRERROR 1
| #define HAVE_SNPRINTF 1
| #define HAVE_VSNPRINTF 1
| #define HAVE_VASPRINTF 1
| #define HAVE_OPEN 1
| #define HAVE_VSYSLOG 1
| #define HAVE_STRNCASECMP 1
| #define HAVE_SETLOCALE 1
| #define HAVE_DECL_INFINITY 1
| #define HAVE_DECL_NAN 1
| #define HAVE_DECL_ISNAN 1
| #define HAVE_DECL_ISINF 1
| #define HAVE_DECL__ISNAN 0
| #define HAVE_DECL__FINITE 0
| #define HAVE_ATOMIC_BUILTINS 1
| #define HAVE_USELOCALE 1
| #define HAVE_DLFCN_H 1
| #define LT_OBJDIR ".libs/"
| /* end confdefs.h.  */
| 
| int
| main ()
| {
| 
|   ;
|   return 0;
| }
configure:12469: result: no
configure:12441: checking whether C compiler accepts -Wno-unused-parameter
configure:12460: arm-none-linux-gnueabi-gcc -std=gnu99 -c -g -O2 -Wall -Werror -Wcast-qual -Wno-error=deprecated-declarations -Wextra  -Wno-unused-parameter  conftest.c >&5
configure:12460: $? = 0
configure:12469: result: yes
configure:12485: : CFLAGS="$CFLAGS"
configure:12488: $? = 0
configure:12516: checking whether C compiler accepts -D_GNU_SOURCE
configure:12535: arm-none-linux-gnueabi-gcc -std=gnu99 -c -g -O2 -Wall -Werror -Wcast-qual -Wno-error=deprecated-declarations -Wextra -Wno-unused-parameter  -D_GNU_SOURCE  conftest.c >&5
configure:12535: $? = 0
configure:12544: result: yes
configure:12560: : CFLAGS="$CFLAGS"
configure:12563: $? = 0
configure:12592: checking for compatibility with _REENTRANT and toolchain headers
configure:12607: arm-none-linux-gnueabi-gcc -std=gnu99 -o conftest -g -O2 -Wall -Werror -Wcast-qual -Wno-error=deprecated-declarations -Wextra -Wno-unused-parameter -D_GNU_SOURCE   conftest.c  >&5
configure:12607: $? = 0
configure:12609: result: yes
configure:12617: checking whether C compiler accepts -D_REENTRANT
configure:12636: arm-none-linux-gnueabi-gcc -std=gnu99 -c -g -O2 -Wall -Werror -Wcast-qual -Wno-error=deprecated-declarations -Wextra -Wno-unused-parameter -D_GNU_SOURCE  -D_REENTRANT  conftest.c >&5
configure:12636: $? = 0
configure:12645: result: yes
configure:12661: : CFLAGS="$CFLAGS"
configure:12664: $? = 0
configure:12703: checking size of int
configure:12723: arm-none-linux-gnueabi-gcc -std=gnu99 -c -g -O2 -Wall -Werror -Wcast-qual -Wno-error=deprecated-declarations -Wextra -Wno-unused-parameter -D_GNU_SOURCE -D_REENTRANT  conftest.c >&5
configure:12723: $? = 0
configure:12735: result: 4
configure:12743: checking size of long
configure:12763: arm-none-linux-gnueabi-gcc -std=gnu99 -c -g -O2 -Wall -Werror -Wcast-qual -Wno-error=deprecated-declarations -Wextra -Wno-unused-parameter -D_GNU_SOURCE -D_REENTRANT  conftest.c >&5
configure:12763: $? = 0
configure:12775: result: 4
configure:12783: checking size of long long
configure:12803: arm-none-linux-gnueabi-gcc -std=gnu99 -c -g -O2 -Wall -Werror -Wcast-qual -Wno-error=deprecated-declarations -Wextra -Wno-unused-parameter -D_GNU_SOURCE -D_REENTRANT  conftest.c >&5
conftest.c: In function 'main':
conftest.c:66:20: error: duplicate case value
conftest.c:66:12: error: previously used here
configure:12803: $? = 1
configure: failed program was:
| /* confdefs.h */
| #define PACKAGE_NAME "json-c"
| #define PACKAGE_TARNAME "json-c"
| #define PACKAGE_VERSION "0.13.99"
| #define PACKAGE_STRING "json-c 0.13.99"
| #define PACKAGE_BUGREPORT "json-c@googlegroups.com"
| #define PACKAGE_URL ""
| #define PACKAGE "json-c"
| #define VERSION "0.13.99"
| #define STDC_HEADERS 1
| #define HAVE_SYS_TYPES_H 1
| #define HAVE_SYS_STAT_H 1
| #define HAVE_STDLIB_H 1
| #define HAVE_STRING_H 1
| #define HAVE_MEMORY_H 1
| #define HAVE_STRINGS_H 1
| #define HAVE_INTTYPES_H 1
| #define HAVE_STDINT_H 1
| #define HAVE_UNISTD_H 1
| #define HAVE_FCNTL_H 1
| #define HAVE_LIMITS_H 1
| #define HAVE_STRINGS_H 1
| #define HAVE_SYSLOG_H 1
| #define HAVE_UNISTD_H 1
| #define HAVE_SYS_CDEFS_H 1
| #define HAVE_SYS_PARAM_H 1
| #define HAVE_STDARG_H 1
| #define HAVE_LOCALE_H 1
| #define HAVE_XLOCALE_H 1
| #define HAVE_ENDIAN_H 1
| #define JSON_C_HAVE_INTTYPES_H 1
| #define HAVE___THREAD 1
| #define SPEC___THREAD __thread
| #define HAVE_VPRINTF 1
| #define HAVE_REALLOC 1
| #define HAVE_STRCASECMP 1
| #define HAVE_STRDUP 1
| #define HAVE_STRERROR 1
| #define HAVE_SNPRINTF 1
| #define HAVE_VSNPRINTF 1
| #define HAVE_VASPRINTF 1
| #define HAVE_OPEN 1
| #define HAVE_VSYSLOG 1
| #define HAVE_STRNCASECMP 1
| #define HAVE_SETLOCALE 1
| #define HAVE_DECL_INFINITY 1
| #define HAVE_DECL_NAN 1
| #define HAVE_DECL_ISNAN 1
| #define HAVE_DECL_ISINF 1
| #define HAVE_DECL__ISNAN 0
| #define HAVE_DECL__FINITE 0
| #define HAVE_ATOMIC_BUILTINS 1
| #define HAVE_USELOCALE 1
| #define HAVE_DLFCN_H 1
| #define LT_OBJDIR ".libs/"
| #define SIZEOF_INT 4
| #define SIZEOF_LONG 4
| /* end confdefs.h.  */
| #include "confdefs.h"
| #include <sys/types.h>
| 
| 
| int
| main ()
| {
| switch (0) case 0: case (sizeof (long long) == 4):;
|   ;
|   return 0;
| }
configure:12803: arm-none-linux-gnueabi-gcc -std=gnu99 -c -g -O2 -Wall -Werror -Wcast-qual -Wno-error=deprecated-declarations -Wextra -Wno-unused-parameter -D_GNU_SOURCE -D_REENTRANT  conftest.c >&5
configure:12803: $? = 0
configure:12815: result: 8
configure:12823: checking size of size_t
configure:12843: arm-none-linux-gnueabi-gcc -std=gnu99 -c -g -O2 -Wall -Werror -Wcast-qual -Wno-error=deprecated-declarations -Wextra -Wno-unused-parameter -D_GNU_SOURCE -D_REENTRANT  conftest.c >&5
configure:12843: $? = 0
configure:12855: result: 4
configure:12863: checking size of int64_t
configure:12883: arm-none-linux-gnueabi-gcc -std=gnu99 -c -g -O2 -Wall -Werror -Wcast-qual -Wno-error=deprecated-declarations -Wextra -Wno-unused-parameter -D_GNU_SOURCE -D_REENTRANT  conftest.c >&5
conftest.c: In function 'main':
conftest.c:68:20: error: duplicate case value
conftest.c:68:12: error: previously used here
configure:12883: $? = 1
configure: failed program was:
| /* confdefs.h */
| #define PACKAGE_NAME "json-c"
| #define PACKAGE_TARNAME "json-c"
| #define PACKAGE_VERSION "0.13.99"
| #define PACKAGE_STRING "json-c 0.13.99"
| #define PACKAGE_BUGREPORT "json-c@googlegroups.com"
| #define PACKAGE_URL ""
| #define PACKAGE "json-c"
| #define VERSION "0.13.99"
| #define STDC_HEADERS 1
| #define HAVE_SYS_TYPES_H 1
| #define HAVE_SYS_STAT_H 1
| #define HAVE_STDLIB_H 1
| #define HAVE_STRING_H 1
| #define HAVE_MEMORY_H 1
| #define HAVE_STRINGS_H 1
| #define HAVE_INTTYPES_H 1
| #define HAVE_STDINT_H 1
| #define HAVE_UNISTD_H 1
| #define HAVE_FCNTL_H 1
| #define HAVE_LIMITS_H 1
| #define HAVE_STRINGS_H 1
| #define HAVE_SYSLOG_H 1
| #define HAVE_UNISTD_H 1
| #define HAVE_SYS_CDEFS_H 1
| #define HAVE_SYS_PARAM_H 1
| #define HAVE_STDARG_H 1
| #define HAVE_LOCALE_H 1
| #define HAVE_XLOCALE_H 1
| #define HAVE_ENDIAN_H 1
| #define JSON_C_HAVE_INTTYPES_H 1
| #define HAVE___THREAD 1
| #define SPEC___THREAD __thread
| #define HAVE_VPRINTF 1
| #define HAVE_REALLOC 1
| #define HAVE_STRCASECMP 1
| #define HAVE_STRDUP 1
| #define HAVE_STRERROR 1
| #define HAVE_SNPRINTF 1
| #define HAVE_VSNPRINTF 1
| #define HAVE_VASPRINTF 1
| #define HAVE_OPEN 1
| #define HAVE_VSYSLOG 1
| #define HAVE_STRNCASECMP 1
| #define HAVE_SETLOCALE 1
| #define HAVE_DECL_INFINITY 1
| #define HAVE_DECL_NAN 1
| #define HAVE_DECL_ISNAN 1
| #define HAVE_DECL_ISINF 1
| #define HAVE_DECL__ISNAN 0
| #define HAVE_DECL__FINITE 0
| #define HAVE_ATOMIC_BUILTINS 1
| #define HAVE_USELOCALE 1
| #define HAVE_DLFCN_H 1
| #define LT_OBJDIR ".libs/"
| #define SIZEOF_INT 4
| #define SIZEOF_LONG 4
| #define SIZEOF_LONG_LONG 8
| #define SIZEOF_SIZE_T 4
| /* end confdefs.h.  */
| #include "confdefs.h"
| #include <sys/types.h>
| #include <stdint.h>
| 
| int
| main ()
| {
| switch (0) case 0: case (sizeof (int64_t) == 4):;
|   ;
|   return 0;
| }
configure:12883: arm-none-linux-gnueabi-gcc -std=gnu99 -c -g -O2 -Wall -Werror -Wcast-qual -Wno-error=deprecated-declarations -Wextra -Wno-unused-parameter -D_GNU_SOURCE -D_REENTRANT  conftest.c >&5
configure:12883: $? = 0
configure:12895: result: 8
configure:13016: checking that generated files are newer than configure
configure:13022: result: done
configure:13045: creating ./config.status

## ---------------------- ##
## Running config.status. ##
## ---------------------- ##

This file was extended by json-c config.status 0.13.99, which was
generated by GNU Autoconf 2.69.  Invocation command line was

  CONFIG_FILES    = 
  CONFIG_HEADERS  = 
  CONFIG_LINKS    = 
  CONFIG_COMMANDS = 
  $ ./config.status 

on ubuntu

config.status:1124: creating Makefile
config.status:1124: creating json-c.pc
config.status:1124: creating tests/Makefile
config.status:1124: creating json-c-uninstalled.pc
config.status:1124: creating config.h
config.status:1305: config.h is unchanged
config.status:1124: creating json_config.h
config.status:1305: json_config.h is unchanged
config.status:1353: executing depfiles commands
config.status:1353: executing libtool commands

## ---------------- ##
## Cache variables. ##
## ---------------- ##

ac_cv___thread=yes
ac_cv_build=i686-pc-linux-gnu
ac_cv_c_compiler_gnu=yes
ac_cv_c_const=yes
ac_cv_env_CC_set=set
ac_cv_env_CC_value=arm-none-linux-gnueabi-gcc
ac_cv_env_CFLAGS_set=
ac_cv_env_CFLAGS_value=
ac_cv_env_CPPFLAGS_set=
ac_cv_env_CPPFLAGS_value=
ac_cv_env_CPP_set=
ac_cv_env_CPP_value=
ac_cv_env_LDFLAGS_set=
ac_cv_env_LDFLAGS_value=
ac_cv_env_LIBS_set=
ac_cv_env_LIBS_value=
ac_cv_env_build_alias_set=set
ac_cv_env_build_alias_value=i686-linux-gnu
ac_cv_env_host_alias_set=set
ac_cv_env_host_alias_value=arm-none-linux-gnueabi
ac_cv_env_target_alias_set=
ac_cv_env_target_alias_value=
ac_cv_func__doprnt=no
ac_cv_func_memcmp_working=no
ac_cv_func_open=yes
ac_cv_func_realloc=yes
ac_cv_func_setlocale=yes
ac_cv_func_snprintf=yes
ac_cv_func_strcasecmp=yes
ac_cv_func_strdup=yes
ac_cv_func_strerror=yes
ac_cv_func_strncasecmp=yes
ac_cv_func_uselocale=yes
ac_cv_func_vasprintf=yes
ac_cv_func_vprintf=yes
ac_cv_func_vsnprintf=yes
ac_cv_func_vsyslog=yes
ac_cv_have_decl_INFINITY=yes
ac_cv_have_decl__finite=no
ac_cv_have_decl__isnan=no
ac_cv_have_decl_isinf=yes
ac_cv_have_decl_isnan=yes
ac_cv_have_decl_nan=yes
ac_cv_header_dlfcn_h=yes
ac_cv_header_endian_h=yes
ac_cv_header_fcntl_h=yes
ac_cv_header_inttypes_h=yes
ac_cv_header_limits_h=yes
ac_cv_header_locale_h=yes
ac_cv_header_memory_h=yes
ac_cv_header_stdarg_h=yes
ac_cv_header_stdc=yes
ac_cv_header_stdint_h=yes
ac_cv_header_stdlib_h=yes
ac_cv_header_string_h=yes
ac_cv_header_strings_h=yes
ac_cv_header_sys_cdefs_h=yes
ac_cv_header_sys_param_h=yes
ac_cv_header_sys_stat_h=yes
ac_cv_header_sys_types_h=yes
ac_cv_header_syslog_h=yes
ac_cv_header_unistd_h=yes
ac_cv_header_xlocale_h=yes
ac_cv_host=arm-none-linux-gnueabi
ac_cv_objext=o
ac_cv_path_EGREP='/bin/grep -E'
ac_cv_path_FGREP='/bin/grep -F'
ac_cv_path_GREP=/bin/grep
ac_cv_path_SED=/bin/sed
ac_cv_path_install='/usr/bin/install -c'
ac_cv_path_mkdir=/bin/mkdir
ac_cv_prog_AR=arm-none-linux-gnueabi-ar
ac_cv_prog_AWK=gawk
ac_cv_prog_CC=arm-none-linux-gnueabi-gcc
ac_cv_prog_CPP='arm-none-linux-gnueabi-gcc -std=gnu99 -E'
ac_cv_prog_OBJDUMP=arm-none-linux-gnueabi-objdump
ac_cv_prog_RANLIB=arm-none-linux-gnueabi-ranlib
ac_cv_prog_STRIP=arm-none-linux-gnueabi-strip
ac_cv_prog_ac_ct_MANIFEST_TOOL=mt
ac_cv_prog_cc_c89=
ac_cv_prog_cc_c99=-std=gnu99
ac_cv_prog_cc_g=yes
ac_cv_prog_make_make_set=yes
ac_cv_sizeof_int64_t=8
ac_cv_sizeof_int=4
ac_cv_sizeof_long=4
ac_cv_sizeof_long_long=8
ac_cv_sizeof_size_t=4
ac_cv_type_size_t=yes
am_cv_CC_dependencies_compiler_type=gcc3
am_cv_make_support_nested_variables=yes
am_cv_prog_cc_c_o=yes
ax_cv_check_cflags___D_GNU_SOURCE=yes
ax_cv_check_cflags___D_REENTRANT=yes
ax_cv_check_cflags___Wall=yes
ax_cv_check_cflags___Wcast_qual=yes
ax_cv_check_cflags___Werror=yes
ax_cv_check_cflags___Wextra=yes
ax_cv_check_cflags___Wno_error_deprecated_declarations=yes
ax_cv_check_cflags___Wno_unused_parameter=yes
ax_cv_check_cflags___Wwrite_string=no
lt_cv_ar_at_file=@
lt_cv_archive_cmds_need_lc=no
lt_cv_deplibs_check_method=pass_all
lt_cv_file_magic_cmd='$MAGIC_CMD'
lt_cv_file_magic_test_file=
lt_cv_ld_reload_flag=-r
lt_cv_nm_interface='BSD nm'
lt_cv_objdir=.libs
lt_cv_path_LD=/opt/arm-2010.09/arm-none-linux-gnueabi/bin/ld
lt_cv_path_NM='/opt/arm-2010.09/bin/arm-none-linux-gnueabi-nm -B'
lt_cv_path_mainfest_tool=no
lt_cv_prog_compiler_c_o=yes
lt_cv_prog_compiler_pic='-fPIC -DPIC'
lt_cv_prog_compiler_pic_works=yes
lt_cv_prog_compiler_rtti_exceptions=no
lt_cv_prog_compiler_static_works=yes
lt_cv_prog_gnu_ld=yes
lt_cv_sharedlib_from_linklib_cmd='printf %s\n'
lt_cv_shlibpath_overrides_runpath=no
lt_cv_sys_global_symbol_pipe='sed -n -e '\''s/^.*[	 ]\([ABCDGIRSTW][ABCDGIRSTW]*\)[	 ][	 ]*\([_A-Za-z][_A-Za-z0-9]*\)$/\1 \2 \2/p'\'' | sed '\''/ __gnu_lto/d'\'''
lt_cv_sys_global_symbol_to_c_name_address='sed -n -e '\''s/^: \([^ ]*\)[ ]*$/  {\"\1\", (void *) 0},/p'\'' -e '\''s/^[ABCDGIRSTW]* \([^ ]*\) \([^ ]*\)$/  {"\2", (void *) \&\2},/p'\'''
lt_cv_sys_global_symbol_to_c_name_address_lib_prefix='sed -n -e '\''s/^: \([^ ]*\)[ ]*$/  {\"\1\", (void *) 0},/p'\'' -e '\''s/^[ABCDGIRSTW]* \([^ ]*\) \(lib[^ ]*\)$/  {"\2", (void *) \&\2},/p'\'' -e '\''s/^[ABCDGIRSTW]* \([^ ]*\) \([^ ]*\)$/  {"lib\2", (void *) \&\2},/p'\'''
lt_cv_sys_global_symbol_to_cdecl='sed -n -e '\''s/^T .* \(.*\)$/extern int \1();/p'\'' -e '\''s/^[ABCDGIRSTW]* .* \(.*\)$/extern char \1;/p'\'''
lt_cv_sys_max_cmd_len=1572864
lt_cv_to_host_file_cmd=func_convert_file_noop
lt_cv_to_tool_file_cmd=func_convert_file_noop

## ----------------- ##
## Output variables. ##
## ----------------- ##

ACLOCAL='${SHELL} /home/gunix/workspace/src/webserver/json-c/missing aclocal-1.14'
AMDEPBACKSLASH='\'
AMDEP_FALSE='#'
AMDEP_TRUE=''
AMTAR='$${TAR-tar}'
AM_BACKSLASH='\'
AM_DEFAULT_V='$(AM_DEFAULT_VERBOSITY)'
AM_DEFAULT_VERBOSITY='0'
AM_V='$(V)'
AR='arm-none-linux-gnueabi-ar'
AUTOCONF='${SHELL} /home/gunix/workspace/src/webserver/json-c/missing autoconf'
AUTOHEADER='${SHELL} /home/gunix/workspace/src/webserver/json-c/missing autoheader'
AUTOMAKE='${SHELL} /home/gunix/workspace/src/webserver/json-c/missing automake-1.14'
AWK='gawk'
CC='arm-none-linux-gnueabi-gcc -std=gnu99'
CCDEPMODE='depmode=gcc3'
CFLAGS='-g -O2 -Wall -Werror -Wcast-qual -Wno-error=deprecated-declarations -Wextra -Wno-unused-parameter -D_GNU_SOURCE -D_REENTRANT'
CPP='arm-none-linux-gnueabi-gcc -std=gnu99 -E'
CPPFLAGS=''
CYGPATH_W='echo'
DEFS='-DHAVE_CONFIG_H'
DEPDIR='.deps'
DLLTOOL='false'
DSYMUTIL=''
DUMPBIN=''
ECHO_C=''
ECHO_N='-n'
ECHO_T=''
EGREP='/bin/grep -E'
EXEEXT=''
FGREP='/bin/grep -F'
GREP='/bin/grep'
INSTALL_DATA='${INSTALL} -m 644'
INSTALL_PROGRAM='${INSTALL}'
INSTALL_SCRIPT='${INSTALL}'
INSTALL_STRIP_PROGRAM='$(install_sh) -c -s'
JSON_BSYMBOLIC_LDFLAGS='-Wl,-Bsymbolic-functions'
LD='/opt/arm-2010.09/arm-none-linux-gnueabi/bin/ld'
LDFLAGS=''
LIBOBJS=' ${LIBOBJDIR}memcmp$U.o'
LIBS=''
LIBTOOL='$(SHELL) $(top_builddir)/libtool'
LIPO=''
LN_S='ln -s'
LTLIBOBJS=' ${LIBOBJDIR}memcmp$U.lo'
MAKEINFO='${SHELL} /home/gunix/workspace/src/webserver/json-c/missing makeinfo'
MANIFEST_TOOL=':'
MKDIR_P='/bin/mkdir -p'
NM='/opt/arm-2010.09/bin/arm-none-linux-gnueabi-nm -B'
NMEDIT=''
OBJDUMP='arm-none-linux-gnueabi-objdump'
OBJEXT='o'
OTOOL64=''
OTOOL=''
PACKAGE='json-c'
PACKAGE_BUGREPORT='json-c@googlegroups.com'
PACKAGE_NAME='json-c'
PACKAGE_STRING='json-c 0.13.99'
PACKAGE_TARNAME='json-c'
PACKAGE_URL=''
PACKAGE_VERSION='0.13.99'
PATH_SEPARATOR=':'
RANLIB='arm-none-linux-gnueabi-ranlib'
SED='/bin/sed'
SET_MAKE=''
SHELL='/bin/bash'
STRIP='arm-none-linux-gnueabi-strip'
VERSION='0.13.99'
ac_ct_AR=''
ac_ct_CC=''
ac_ct_DUMPBIN=''
am__EXEEXT_FALSE=''
am__EXEEXT_TRUE='#'
am__fastdepCC_FALSE='#'
am__fastdepCC_TRUE=''
am__include='include'
am__isrc=''
am__leading_dot='.'
am__nodep='_no'
am__quote=''
am__tar='$${TAR-tar} chof - "$$tardir"'
am__untar='$${TAR-tar} xf -'
bindir='${exec_prefix}/bin'
build='i686-pc-linux-gnu'
build_alias='i686-linux-gnu'
build_cpu='i686'
build_os='linux-gnu'
build_vendor='pc'
datadir='${datarootdir}'
datarootdir='${prefix}/share'
docdir='${datarootdir}/doc/${PACKAGE_TARNAME}'
dvidir='${docdir}'
exec_prefix='${prefix}'
host='arm-none-linux-gnueabi'
host_alias='arm-none-linux-gnueabi'
host_cpu='arm'
host_os='linux-gnueabi'
host_vendor='none'
htmldir='${docdir}'
includedir='${prefix}/include'
infodir='${datarootdir}/info'
install_sh='${SHELL} /home/gunix/workspace/src/webserver/json-c/install-sh'
libdir='${exec_prefix}/lib'
libexecdir='${exec_prefix}/libexec'
localedir='${datarootdir}/locale'
localstatedir='${prefix}/var'
mandir='${datarootdir}/man'
mkdir_p='$(MKDIR_P)'
oldincludedir='/usr/include'
pdfdir='${docdir}'
prefix='/home/gunix/workspace/src/webserver/json-c/json_out'
program_transform_name='s,x,x,'
psdir='${docdir}'
sbindir='${exec_prefix}/sbin'
sharedstatedir='${prefix}/com'
sysconfdir='${prefix}/etc'
target_alias=''

## ----------- ##
## confdefs.h. ##
## ----------- ##

/* confdefs.h */
#define PACKAGE_NAME "json-c"
#define PACKAGE_TARNAME "json-c"
#define PACKAGE_VERSION "0.13.99"
#define PACKAGE_STRING "json-c 0.13.99"
#define PACKAGE_BUGREPORT "json-c@googlegroups.com"
#define PACKAGE_URL ""
#define PACKAGE "json-c"
#define VERSION "0.13.99"
#define STDC_HEADERS 1
#define HAVE_SYS_TYPES_H 1
#define HAVE_SYS_STAT_H 1
#define HAVE_STDLIB_H 1
#define HAVE_STRING_H 1
#define HAVE_MEMORY_H 1
#define HAVE_STRINGS_H 1
#define HAVE_INTTYPES_H 1
#define HAVE_STDINT_H 1
#define HAVE_UNISTD_H 1
#define HAVE_FCNTL_H 1
#define HAVE_LIMITS_H 1
#define HAVE_STRINGS_H 1
#define HAVE_SYSLOG_H 1
#define HAVE_UNISTD_H 1
#define HAVE_SYS_CDEFS_H 1
#define HAVE_SYS_PARAM_H 1
#define HAVE_STDARG_H 1
#define HAVE_LOCALE_H 1
#define HAVE_XLOCALE_H 1
#define HAVE_ENDIAN_H 1
#define JSON_C_HAVE_INTTYPES_H 1
#define HAVE___THREAD 1
#define SPEC___THREAD __thread
#define HAVE_VPRINTF 1
#define HAVE_REALLOC 1
#define HAVE_STRCASECMP 1
#define HAVE_STRDUP 1
#define HAVE_STRERROR 1
#define HAVE_SNPRINTF 1
#define HAVE_VSNPRINTF 1
#define HAVE_VASPRINTF 1
#define HAVE_OPEN 1
#define HAVE_VSYSLOG 1
#define HAVE_STRNCASECMP 1
#define HAVE_SETLOCALE 1
#define HAVE_DECL_INFINITY 1
#define HAVE_DECL_NAN 1
#define HAVE_DECL_ISNAN 1
#define HAVE_DECL_ISINF 1
#define HAVE_DECL__ISNAN 0
#define HAVE_DECL__FINITE 0
#define HAVE_ATOMIC_BUILTINS 1
#define HAVE_USELOCALE 1
#define HAVE_DLFCN_H 1
#define LT_OBJDIR ".libs/"
#define SIZEOF_INT 4
#define SIZEOF_LONG 4
#define SIZEOF_LONG_LONG 8
#define SIZEOF_SIZE_T 4
#define SIZEOF_INT64_T 8

configure: exit 0
